2018-07-08 08:38:48,888 :: INFO :: begin to init the program with configuration file
2018-07-08 08:38:48,962 :: INFO :: get the email configuration succeed
2018-07-08 08:38:48,963 :: INFO :: etat init
2018-07-08 08:38:48,997 :: ERROR :: not all arguments converted during string formatting
2018-07-08 08:38:48,997 :: ERROR :: can't insert a new etat into the datebase
2018-07-08 08:38:48,998 :: INFO :: try to connect to the database in order to get all the code postals
2018-07-08 08:38:49,011 :: INFO :: connection succeed
2018-07-08 08:38:49,011 :: INFO :: try to select code postals and sites from database
2018-07-08 08:38:49,058 :: INFO :: selection of code postal and sites from database succeed
2018-07-08 08:38:49,058 :: INFO :: begin to lance the thread
2018-07-08 08:38:49,058 :: WARNING :: There are no function to treat this site:http://www.carrefour.fr/services/fioul-domestique/
2018-07-08 08:38:49,059 :: WARNING :: There are no function to treat this site:https://www.fioulmarket.fr/
2018-07-08 08:38:49,116 :: INFO :: Begin to collect the price from https://www.fioulreduc.com/
2018-07-08 08:38:49,117 :: INFO :: site:https://www.fioulreduc.com/ 
 code postal obligatoire:[(4, '76290'), (5, '16000'), (6, '33150'), (7, '33270'), (8, '16100'), (9, '24000'), (10, '62200'), (11, '59140'), (12, '62500'), (13, '69300'), (14, '69130'), (15, '71000'), (16, '69230'), (21, '91220'), (22, '95000'), (23, '92260'), (24, '78200'), (25, '78310'), (26, '77000'), (27, '91230'), (28, '93330'), (29, '95520'), (30, '78370'), (31, '95230'), (32, '95150'), (33, '77100'), (34, '78140'), (35, '91140'), (36, '13400'), (37, '76200'), (38, '80350'), (39, '84300'), (40, '84130'), (41, '84000'), (42, '72000'), (43, '74000'), (44, '81100'), (45, '37170'), (46, '37540'), (47, '37000'), (48, '62000'), (49, '62400'), (50, '59500'), (51, '59320'), (52, '59220'), (53, '59115'), (54, '62950'), (55, '59223'), (56, '59650'), (58, '59300'), (59, '59400'), (61, '59720'), (62, '02100'), (60, '02500'), (1, '06400'), (2, '26000'), (18, '41000'), (19, '45160'), (20, '45140'), (57, '59000'), (3, '76000'), (17, '69330')] 
 code postal essay:[(63, '02300'), (64, '62100\r\n')]
2018-07-08 08:39:06,264 :: INFO :: try/retry to open the site:https://www.fioulreduc.com/
2018-07-08 08:39:21,995 :: INFO :: succeed in opening this site:https://www.fioulreduc.com/
2018-07-08 08:39:27,726 :: WARNING :: site: https://www.fioulreduc.com/ 
 info: can't locate the options of livraison.possibility:
 1.the site don't supply for this code postal 
 2.the site don't allow chose the type of livraison temporary
 code postal:02300 
2018-07-08 08:39:27,727 :: INFO :: site: https://www.fioulreduc.com/ 
 info: try to locate close button 
 code postal:02300 
2018-07-08 08:39:27,737 :: INFO :: located the close button
2018-07-08 08:39:27,957 :: INFO :: site: https://www.fioulreduc.com/ 
 info:the site don't supply for this code postal temporary 
 code postal:02300 
2018-07-08 08:39:35,143 :: INFO :: site: https://www.fioulreduc.com/ 
 info:succeed in collecting the price  
 code postal:62100
 
 price:905
2018-07-08 08:39:37,323 :: INFO :: going to add some new code postal to the sitehttps://www.fioulreduc.com/
2018-07-08 08:39:37,471 :: INFO :: site:https://www.fioulreduc.com/ 
 info:going to insert date into prix table 
2018-07-08 08:39:37,501 :: INFO :: site:https://www.fioulreduc.com/ 
 info:succeed in inserting the data into the price table 
2018-07-08 08:39:52,299 :: INFO :: try/retry to open the site:https://www.fioulreduc.com/
2018-07-08 08:40:00,120 :: INFO :: succeed in opening this site:https://www.fioulreduc.com/
2018-07-08 08:40:05,678 :: INFO :: site: https://www.fioulreduc.com/ 
 info:succeed in collecting the price  
 code postal:76290 
 price:927
2018-07-08 08:40:12,354 :: INFO :: begin to init the program with configuration file
2018-07-08 08:40:12,369 :: INFO :: get the email configuration succeed
2018-07-08 08:40:12,369 :: INFO :: etat init
2018-07-08 08:40:12,371 :: ERROR :: not all arguments converted during string formatting
2018-07-08 08:40:12,372 :: ERROR :: can't insert a new etat into the datebase
2018-07-08 08:40:12,372 :: INFO :: try to connect to the database in order to get all the code postals
2018-07-08 08:40:12,375 :: INFO :: connection succeed
2018-07-08 08:40:12,376 :: INFO :: try to select code postals and sites from database
2018-07-08 08:40:12,377 :: INFO :: selection of code postal and sites from database succeed
2018-07-08 08:40:12,377 :: INFO :: begin to lance the thread
2018-07-08 08:40:12,481 :: INFO :: Begin to collect the price from https://www.fioulmarket.fr/
2018-07-08 08:40:12,483 :: INFO :: site:https://www.fioulmarket.fr/ 
 code postal obligatoire:[(4, '76290'), (5, '16000'), (6, '33150'), (7, '33270'), (8, '16100'), (9, '24000'), (10, '62200'), (11, '59140'), (12, '62500'), (13, '69300'), (14, '69130'), (15, '71000'), (16, '69230'), (21, '91220'), (22, '95000'), (23, '92260'), (24, '78200'), (25, '78310'), (26, '77000'), (27, '91230'), (28, '93330'), (29, '95520'), (30, '78370'), (31, '95230'), (32, '95150'), (33, '77100'), (34, '78140'), (35, '91140'), (36, '13400'), (37, '76200'), (38, '80350'), (39, '84300'), (40, '84130'), (41, '84000'), (42, '72000'), (43, '74000'), (44, '81100'), (45, '37170'), (46, '37540'), (47, '37000'), (48, '62000'), (49, '62400'), (50, '59500'), (51, '59320'), (52, '59220'), (53, '59115'), (54, '62950'), (55, '59223'), (56, '59650'), (58, '59300'), (59, '59400'), (61, '59720'), (63, '02300'), (62, '02100'), (60, '02500'), (1, '06400'), (2, '26000'), (18, '41000'), (19, '45160'), (20, '45140'), (57, '59000'), (3, '76000'), (17, '69330')] 
 code postal essay:[(64, '62100\r\n')]
2018-07-08 08:40:12,709 :: INFO :: Begin to collect the price from http://www.carrefour.fr/services/fioul-domestique/
2018-07-08 08:40:12,709 :: INFO :: site:http://www.carrefour.fr/services/fioul-domestique/ 
 code postal obligatoire:[(4, '76290'), (6, '33150'), (7, '33270'), (9, '24000'), (10, '62200'), (11, '59140'), (12, '62500'), (13, '69300'), (14, '69130'), (15, '71000'), (16, '69230'), (21, '91220'), (22, '95000'), (23, '92260'), (24, '78200'), (25, '78310'), (26, '77000'), (27, '91230'), (28, '93330'), (29, '95520'), (30, '78370'), (31, '95230'), (32, '95150'), (33, '77100'), (34, '78140'), (35, '91140'), (36, '13400'), (39, '84300'), (40, '84130'), (41, '84000'), (42, '72000'), (43, '74000'), (45, '37170'), (46, '37540'), (47, '37000'), (48, '62000'), (49, '62400'), (50, '59500'), (51, '59320'), (52, '59220'), (53, '59115'), (54, '62950'), (55, '59223'), (56, '59650'), (58, '59300'), (59, '59400'), (61, '59720'), (63, '02300'), (62, '02100'), (1, '06400'), (2, '26000'), (18, '41000'), (19, '45160'), (20, '45140'), (57, '59000'), (3, '76000'), (17, '69330')] 
 code postal essay:[(5, '16000'), (8, '16100'), (37, '76200'), (38, '80350'), (44, '81100'), (60, '02500'), (64, '62100\r\n')]
2018-07-08 08:40:12,711 :: INFO :: Begin to collect the price from https://www.fioulreduc.com/
2018-07-08 08:40:12,711 :: INFO :: site:https://www.fioulreduc.com/ 
 code postal obligatoire:[(4, '76290'), (5, '16000'), (6, '33150'), (7, '33270'), (8, '16100'), (9, '24000'), (10, '62200'), (11, '59140'), (12, '62500'), (13, '69300'), (14, '69130'), (15, '71000'), (16, '69230'), (21, '91220'), (22, '95000'), (23, '92260'), (24, '78200'), (25, '78310'), (26, '77000'), (27, '91230'), (28, '93330'), (29, '95520'), (30, '78370'), (31, '95230'), (32, '95150'), (33, '77100'), (34, '78140'), (35, '91140'), (36, '13400'), (37, '76200'), (38, '80350'), (39, '84300'), (40, '84130'), (41, '84000'), (42, '72000'), (43, '74000'), (44, '81100'), (45, '37170'), (46, '37540'), (47, '37000'), (48, '62000'), (49, '62400'), (50, '59500'), (51, '59320'), (52, '59220'), (53, '59115'), (54, '62950'), (55, '59223'), (56, '59650'), (58, '59300'), (59, '59400'), (61, '59720'), (62, '02100'), (60, '02500'), (1, '06400'), (2, '26000'), (18, '41000'), (19, '45160'), (20, '45140'), (57, '59000'), (3, '76000'), (17, '69330')] 
 code postal essay:[(63, '02300')]
2018-07-08 08:40:28,671 :: INFO :: try/retry to open the site:https://www.fioulmarket.fr/
2018-07-08 08:40:29,724 :: INFO :: try/retry to open the site:http://www.carrefour.fr/services/fioul-domestique/
2018-07-08 08:40:31,410 :: INFO :: try/retry to open the site:https://www.fioulreduc.com/
2018-07-08 08:41:00,421 :: INFO :: succeed in opening this site:https://www.fioulmarket.fr/
2018-07-08 08:41:05,525 :: INFO :: succeed in opening this site:https://www.fioulreduc.com/
2018-07-08 08:41:05,803 :: INFO :: Message: 

2018-07-08 08:41:05,803 :: INFO :: site: https://www.fioulmarket.fr/ 
 info:The fioul type lable doesn't appear 
 code postal:62100
 
2018-07-08 08:41:09,265 :: INFO :: succeed in opening this site:http://www.carrefour.fr/services/fioul-domestique/
2018-07-08 08:41:11,273 :: WARNING :: site: https://www.fioulreduc.com/ 
 info: can't locate the options of livraison.possibility:
 1.the site don't supply for this code postal 
 2.the site don't allow chose the type of livraison temporary
 code postal:02300 
2018-07-08 08:41:11,273 :: INFO :: site: https://www.fioulreduc.com/ 
 info: try to locate close button 
 code postal:02300 
2018-07-08 08:41:11,280 :: INFO :: located the close button
2018-07-08 08:41:11,503 :: INFO :: site: https://www.fioulreduc.com/ 
 info:the site don't supply for this code postal temporary 
 code postal:02300 
2018-07-08 08:41:11,843 :: INFO :: Message: 

2018-07-08 08:41:11,844 :: INFO :: site: http://www.carrefour.fr/services/fioul-domestique/ 
 info:The site's pub doesn't appear16000 
2018-07-08 08:41:14,511 :: INFO :: Message: 

2018-07-08 08:41:14,511 :: INFO :: site: http://www.carrefour.fr/services/fioul-domestique/ 
 info: The cookie request doesn't appear 
 code postal:16000 
2018-07-08 08:41:19,780 :: ERROR :: Message: 

2018-07-08 08:41:19,781 :: ERROR :: site: https://www.fioulmarket.fr/ 
 error: can't load livraison element 
 code postal:62100
 
2018-07-08 08:41:20,361 :: INFO :: Message: 

2018-07-08 08:41:20,403 :: INFO :: site: http://www.carrefour.fr/services/fioul-domestique/ 
 error: can't load price element 
 code postal:16000 
2018-07-08 08:41:27,766 :: INFO :: Message: 

2018-07-08 08:41:27,766 :: INFO :: site: http://www.carrefour.fr/services/fioul-domestique/ 
 error can't load price element 
 code postal:16100 
2018-07-08 08:41:30,429 :: INFO :: try/retry to open the site:https://www.fioulreduc.com/
2018-07-08 08:41:33,989 :: INFO :: Message: 

2018-07-08 08:41:33,989 :: INFO :: site: http://www.carrefour.fr/services/fioul-domestique/ 
 error can't load price element 
 code postal:76200 
2018-07-08 08:41:37,431 :: INFO :: try/retry to open the site:https://www.fioulmarket.fr/
2018-07-08 08:41:39,825 :: INFO :: Message: 

2018-07-08 08:41:39,825 :: INFO :: site: http://www.carrefour.fr/services/fioul-domestique/ 
 error can't load price element 
 code postal:80350 
2018-07-08 08:41:44,067 :: INFO :: succeed in opening this site:https://www.fioulreduc.com/
2018-07-08 08:41:45,666 :: INFO :: Message: 

2018-07-08 08:41:45,666 :: INFO :: site: http://www.carrefour.fr/services/fioul-domestique/ 
 error can't load price element 
 code postal:81100 
2018-07-08 08:41:51,560 :: INFO :: Message: 

2018-07-08 08:41:51,560 :: INFO :: site: http://www.carrefour.fr/services/fioul-domestique/ 
 error can't load price element 
 code postal:02500 
2018-07-08 08:41:51,622 :: INFO :: site: https://www.fioulreduc.com/ 
 info:succeed in collecting the price  
 code postal:76290 
 price:927
2018-07-08 08:41:56,452 :: INFO :: site: http://www.carrefour.fr/services/fioul-domestique/ 
 code postal:62100
 
 prix: 904 
2018-07-08 08:41:59,114 :: INFO :: going to add some new code postal to the sitehttp://www.carrefour.fr/services/fioul-domestique/
2018-07-08 08:41:59,142 :: INFO :: site:http://www.carrefour.fr/services/fioul-domestique/ 
 info:going to insert date into prix table 
2018-07-08 08:41:59,159 :: INFO :: site:http://www.carrefour.fr/services/fioul-domestique/ 
 info:succeed in inserting the data into the price table 
2018-07-08 08:42:00,558 :: INFO :: site: https://www.fioulreduc.com/ 
 info:succeed in collecting the price  
 code postal:16000 
 price:934
2018-07-08 08:42:00,693 :: INFO :: succeed in opening this site:https://www.fioulmarket.fr/
2018-07-08 08:42:10,078 :: INFO :: site: https://www.fioulreduc.com/ 
 info:succeed in collecting the price  
 code postal:33150 
 price:902
2018-07-08 08:42:12,404 :: INFO :: site: https://www.fioulmarket.fr/
 code postal:76290
 prix:950 
2018-07-08 08:42:13,901 :: INFO :: site: https://www.fioulreduc.com/ 
 info:succeed in collecting the price  
 code postal:33270 
 price:902
2018-07-08 08:42:16,350 :: INFO :: try/retry to open the site:http://www.carrefour.fr/services/fioul-domestique/
2018-07-08 08:42:18,186 :: INFO :: site: https://www.fioulreduc.com/ 
 info:succeed in collecting the price  
 code postal:16100 
 price:934
2018-07-08 08:42:23,142 :: INFO :: site: https://www.fioulreduc.com/ 
 info:succeed in collecting the price  
 code postal:24000 
 price:938
2018-07-08 08:42:23,597 :: INFO :: site: https://www.fioulmarket.fr/
 code postal:16000
 prix:965 
2018-07-08 08:42:27,302 :: INFO :: site: https://www.fioulreduc.com/ 
 info:succeed in collecting the price  
 code postal:62200 
 price:905
2018-07-08 08:42:29,438 :: INFO :: succeed in opening this site:http://www.carrefour.fr/services/fioul-domestique/
2018-07-08 08:42:31,338 :: INFO :: site: https://www.fioulreduc.com/ 
 info:succeed in collecting the price  
 code postal:59140 
 price:917
2018-07-08 08:42:31,527 :: INFO :: Message: 

2018-07-08 08:42:31,527 :: INFO :: site: http://www.carrefour.fr/services/fioul-domestique/ 
 info:The site's pub doesn't appear76290 
2018-07-08 08:42:33,622 :: INFO :: Message: 

2018-07-08 08:42:33,622 :: INFO :: site: http://www.carrefour.fr/services/fioul-domestique/ 
 info: The cookie request doesn't appear 
 code postal:76290 
2018-07-08 08:42:34,423 :: INFO :: site: http://www.carrefour.fr/services/fioul-domestique/
info:the first collection finished in this site code postal:76290
 prix:906 
2018-07-08 08:42:35,121 :: INFO :: site: https://www.fioulreduc.com/ 
 info:succeed in collecting the price  
 code postal:62500 
 price:918
2018-07-08 08:42:35,445 :: INFO :: site: https://www.fioulmarket.fr/
 code postal:33150
 prix:939 
2018-07-08 08:42:37,743 :: INFO :: site: http://www.carrefour.fr/services/fioul-domestique/ 
 code postal:33150 
 prix: 898 
2018-07-08 08:42:39,070 :: INFO :: site: https://www.fioulreduc.com/ 
 info:succeed in collecting the price  
 code postal:69300 
 price:898
2018-07-08 08:42:42,877 :: INFO :: site: https://www.fioulreduc.com/ 
 info:succeed in collecting the price  
 code postal:69130 
 price:893
2018-07-08 08:42:46,060 :: INFO :: site: http://www.carrefour.fr/services/fioul-domestique/ 
 code postal:33270 
 prix: 898 
2018-07-08 08:42:46,542 :: INFO :: site: https://www.fioulreduc.com/ 
 info:succeed in collecting the price  
 code postal:71000 
 price:939
2018-07-08 08:42:46,579 :: INFO :: site: https://www.fioulmarket.fr/
 code postal:33270
 prix:939 
2018-07-08 08:42:50,572 :: INFO :: site: https://www.fioulreduc.com/ 
 info:succeed in collecting the price  
 code postal:69230 
 price:898
2018-07-08 08:42:54,386 :: INFO :: site: http://www.carrefour.fr/services/fioul-domestique/ 
 code postal:24000 
 prix: 924 
2018-07-08 08:42:54,542 :: INFO :: site: https://www.fioulreduc.com/ 
 info:succeed in collecting the price  
 code postal:91220 
 price:907
2018-07-08 08:42:57,573 :: INFO :: site: https://www.fioulmarket.fr/
 code postal:16100
 prix:965 
2018-07-08 08:42:58,416 :: INFO :: site: https://www.fioulreduc.com/ 
 info:succeed in collecting the price  
 code postal:95000 
 price:910
2018-07-08 08:43:02,748 :: INFO :: site: http://www.carrefour.fr/services/fioul-domestique/ 
 code postal:62200 
 prix: 904 
2018-07-08 08:43:03,021 :: INFO :: site: https://www.fioulreduc.com/ 
 info:succeed in collecting the price  
 code postal:92260 
 price:907
2018-07-08 08:43:06,658 :: INFO :: site: https://www.fioulreduc.com/ 
 info:succeed in collecting the price  
 code postal:78200 
 price:900
2018-07-08 08:43:08,559 :: INFO :: site: https://www.fioulmarket.fr/
 code postal:24000
 prix:965 
2018-07-08 08:43:10,920 :: INFO :: site: https://www.fioulreduc.com/ 
 info:succeed in collecting the price  
 code postal:78310 
 price:907
2018-07-08 08:43:11,091 :: INFO :: site: http://www.carrefour.fr/services/fioul-domestique/ 
 code postal:59140 
 prix: 904 
2018-07-08 08:43:14,656 :: INFO :: site: https://www.fioulreduc.com/ 
 info:succeed in collecting the price  
 code postal:77000 
 price:913
2018-07-08 08:43:18,761 :: INFO :: site: https://www.fioulreduc.com/ 
 info:succeed in collecting the price  
 code postal:91230 
 price:907
2018-07-08 08:43:19,387 :: INFO :: site: http://www.carrefour.fr/services/fioul-domestique/ 
 code postal:62500 
 prix: 904 
2018-07-08 08:43:19,450 :: INFO :: site: https://www.fioulmarket.fr/
 code postal:62200
 prix:936 
2018-07-08 08:43:22,771 :: INFO :: site: https://www.fioulreduc.com/ 
 info:succeed in collecting the price  
 code postal:93330 
 price:907
2018-07-08 08:43:26,462 :: INFO :: site: https://www.fioulreduc.com/ 
 info:succeed in collecting the price  
 code postal:95520 
 price:910
2018-07-08 08:43:27,668 :: INFO :: site: http://www.carrefour.fr/services/fioul-domestique/ 
 code postal:69300 
 prix: 904 
2018-07-08 08:43:30,180 :: INFO :: site: https://www.fioulreduc.com/ 
 info:succeed in collecting the price  
 code postal:78370 
 price:907
2018-07-08 08:43:30,356 :: INFO :: site: https://www.fioulmarket.fr/
 code postal:59140
 prix:939 
2018-07-08 08:43:34,397 :: INFO :: site: https://www.fioulreduc.com/ 
 info:succeed in collecting the price  
 code postal:95230 
 price:910
2018-07-08 08:43:36,093 :: INFO :: site: http://www.carrefour.fr/services/fioul-domestique/ 
 code postal:69130 
 prix: 904 
2018-07-08 08:43:38,259 :: INFO :: site: https://www.fioulreduc.com/ 
 info:succeed in collecting the price  
 code postal:95150 
 price:910
2018-07-08 08:43:41,877 :: INFO :: site: https://www.fioulmarket.fr/
 code postal:62500
 prix:939 
2018-07-08 08:43:42,204 :: INFO :: site: https://www.fioulreduc.com/ 
 info:succeed in collecting the price  
 code postal:77100 
 price:913
2018-07-08 08:43:44,468 :: INFO :: site: http://www.carrefour.fr/services/fioul-domestique/ 
 code postal:71000 
 prix: 910 
2018-07-08 08:43:46,262 :: INFO :: site: https://www.fioulreduc.com/ 
 info:succeed in collecting the price  
 code postal:78140 
 price:907
2018-07-08 08:43:51,087 :: INFO :: site: https://www.fioulreduc.com/ 
 info:succeed in collecting the price  
 code postal:91140 
 price:907
2018-07-08 08:43:52,789 :: INFO :: site: http://www.carrefour.fr/services/fioul-domestique/ 
 code postal:69230 
 prix: 904 
2018-07-08 08:43:52,906 :: INFO :: site: https://www.fioulmarket.fr/
 code postal:69300
 prix:929 
2018-07-08 08:43:55,568 :: INFO :: site: https://www.fioulreduc.com/ 
 info:succeed in collecting the price  
 code postal:13400 
 price:897
2018-07-08 08:43:59,664 :: INFO :: site: https://www.fioulreduc.com/ 
 info:succeed in collecting the price  
 code postal:76200 
 price:924
2018-07-08 08:44:01,723 :: INFO :: site: http://www.carrefour.fr/services/fioul-domestique/ 
 code postal:91220 
 prix: 891 
2018-07-08 08:44:05,387 :: INFO :: site: https://www.fioulmarket.fr/
 code postal:69130
 prix:929 
2018-07-08 08:44:05,874 :: INFO :: site: https://www.fioulreduc.com/ 
 info:succeed in collecting the price  
 code postal:80350 
 price:951
2018-07-08 08:44:10,024 :: INFO :: site: http://www.carrefour.fr/services/fioul-domestique/ 
 code postal:95000 
 prix: 899 
2018-07-08 08:44:12,759 :: INFO :: site: https://www.fioulreduc.com/ 
 info:succeed in collecting the price  
 code postal:84300 
 price:912
2018-07-08 08:44:17,696 :: INFO :: site: https://www.fioulmarket.fr/
 code postal:71000
 prix:951 
2018-07-08 08:44:18,381 :: INFO :: site: http://www.carrefour.fr/services/fioul-domestique/ 
 code postal:92260 
 prix: 891 
2018-07-08 08:44:19,056 :: INFO :: site: https://www.fioulreduc.com/ 
 info:succeed in collecting the price  
 code postal:84130 
 price:912
2018-07-08 08:44:25,746 :: INFO :: site: https://www.fioulreduc.com/ 
 info:succeed in collecting the price  
 code postal:84000 
 price:912
2018-07-08 08:44:26,724 :: INFO :: site: http://www.carrefour.fr/services/fioul-domestique/ 
 code postal:78200 
 prix: 899 
2018-07-08 08:44:28,673 :: INFO :: site: https://www.fioulmarket.fr/
 code postal:69230
 prix:929 
2018-07-08 08:44:31,921 :: INFO :: site: https://www.fioulreduc.com/ 
 info:succeed in collecting the price  
 code postal:72000 
 price:899
2018-07-08 08:44:35,079 :: INFO :: site: http://www.carrefour.fr/services/fioul-domestique/ 
 code postal:78310 
 prix: 884 
2018-07-08 08:44:38,293 :: INFO :: site: https://www.fioulreduc.com/ 
 info:succeed in collecting the price  
 code postal:74000 
 price:899
2018-07-08 08:44:40,310 :: INFO :: site: https://www.fioulmarket.fr/
 code postal:91220
 prix:933 
2018-07-08 08:44:43,442 :: INFO :: site: http://www.carrefour.fr/services/fioul-domestique/ 
 code postal:77000 
 prix: 895 
2018-07-08 08:44:44,310 :: INFO :: site: https://www.fioulreduc.com/ 
 info:succeed in collecting the price  
 code postal:81100 
 price:962
2018-07-08 08:44:50,312 :: INFO :: site: https://www.fioulreduc.com/ 
 info:succeed in collecting the price  
 code postal:37170 
 price:907
2018-07-08 08:44:51,782 :: INFO :: site: http://www.carrefour.fr/services/fioul-domestique/ 
 code postal:91230 
 prix: 891 
2018-07-08 08:44:55,516 :: INFO :: site: https://www.fioulmarket.fr/
 code postal:95000
 prix:940 
2018-07-08 08:44:56,668 :: INFO :: site: https://www.fioulreduc.com/ 
 info:succeed in collecting the price  
 code postal:37540 
 price:899
2018-07-08 08:45:00,159 :: INFO :: site: http://www.carrefour.fr/services/fioul-domestique/ 
 code postal:93330 
 prix: 899 
2018-07-08 08:45:03,114 :: INFO :: site: https://www.fioulreduc.com/ 
 info:succeed in collecting the price  
 code postal:37000 
 price:899
2018-07-08 08:45:07,469 :: INFO :: site: https://www.fioulmarket.fr/
 code postal:92260
 prix:933 
2018-07-08 08:45:08,533 :: INFO :: site: http://www.carrefour.fr/services/fioul-domestique/ 
 code postal:95520 
 prix: 899 
2018-07-08 08:45:09,638 :: INFO :: site: https://www.fioulreduc.com/ 
 info:succeed in collecting the price  
 code postal:62000 
 price:899
2018-07-08 08:45:15,662 :: INFO :: site: https://www.fioulreduc.com/ 
 info:succeed in collecting the price  
 code postal:62400 
 price:899
2018-07-08 08:45:16,815 :: INFO :: site: http://www.carrefour.fr/services/fioul-domestique/ 
 code postal:78370 
 prix: 884 
2018-07-08 08:45:18,569 :: INFO :: site: https://www.fioulmarket.fr/
 code postal:78200
 prix:930 
2018-07-08 08:45:23,465 :: INFO :: site: https://www.fioulreduc.com/ 
 info:succeed in collecting the price  
 code postal:59500 
 price:928
2018-07-08 08:45:25,092 :: INFO :: site: http://www.carrefour.fr/services/fioul-domestique/ 
 code postal:95230 
 prix: 899 
2018-07-08 08:45:29,583 :: INFO :: site: https://www.fioulmarket.fr/
 code postal:78310
 prix:933 
2018-07-08 08:45:30,562 :: INFO :: site: https://www.fioulreduc.com/ 
 info:succeed in collecting the price  
 code postal:59320 
 price:926
2018-07-08 08:45:33,403 :: INFO :: site: http://www.carrefour.fr/services/fioul-domestique/ 
 code postal:95150 
 prix: 899 
2018-07-08 08:45:37,089 :: INFO :: site: https://www.fioulreduc.com/ 
 info:succeed in collecting the price  
 code postal:59220 
 price:910
2018-07-08 08:45:41,624 :: INFO :: site: https://www.fioulmarket.fr/
 code postal:77000
 prix:934 
2018-07-08 08:45:41,715 :: INFO :: site: http://www.carrefour.fr/services/fioul-domestique/ 
 code postal:77100 
 prix: 899 
2018-07-08 08:45:43,127 :: INFO :: site: https://www.fioulreduc.com/ 
 info:succeed in collecting the price  
 code postal:59115 
 price:926
2018-07-08 08:45:50,020 :: INFO :: site: http://www.carrefour.fr/services/fioul-domestique/ 
 code postal:78140 
 prix: 884 
2018-07-08 08:45:50,186 :: INFO :: site: https://www.fioulreduc.com/ 
 info:succeed in collecting the price  
 code postal:62950 
 price:926
2018-07-08 08:45:52,684 :: INFO :: site: https://www.fioulmarket.fr/
 code postal:91230
 prix:933 
2018-07-08 08:45:56,408 :: INFO :: site: https://www.fioulreduc.com/ 
 info:succeed in collecting the price  
 code postal:59223 
 price:926
2018-07-08 08:45:58,399 :: INFO :: site: http://www.carrefour.fr/services/fioul-domestique/ 
 code postal:91140 
 prix: 884 
2018-07-08 08:46:03,224 :: INFO :: site: https://www.fioulreduc.com/ 
 info:succeed in collecting the price  
 code postal:59650 
 price:926
2018-07-08 08:46:03,838 :: INFO :: site: https://www.fioulmarket.fr/
 code postal:93330
 prix:933 
2018-07-08 08:46:06,733 :: INFO :: site: http://www.carrefour.fr/services/fioul-domestique/ 
 code postal:13400 
 prix: 892 
2018-07-08 08:46:09,335 :: INFO :: site: https://www.fioulreduc.com/ 
 info:succeed in collecting the price  
 code postal:59300 
 price:910
2018-07-08 08:46:14,726 :: INFO :: site: https://www.fioulmarket.fr/
 code postal:95520
 prix:940 
2018-07-08 08:46:15,038 :: INFO :: site: http://www.carrefour.fr/services/fioul-domestique/ 
 code postal:84300 
 prix: 891 
2018-07-08 08:46:15,309 :: INFO :: site: https://www.fioulreduc.com/ 
 info:succeed in collecting the price  
 code postal:59400 
 price:928
2018-07-08 08:46:21,523 :: INFO :: site: https://www.fioulreduc.com/ 
 info:succeed in collecting the price  
 code postal:59720 
 price:910
2018-07-08 08:46:23,331 :: INFO :: site: http://www.carrefour.fr/services/fioul-domestique/ 
 code postal:84130 
 prix: 891 
2018-07-08 08:46:25,660 :: INFO :: site: https://www.fioulmarket.fr/
 code postal:78370
 prix:933 
2018-07-08 08:46:27,564 :: INFO :: site: https://www.fioulreduc.com/ 
 info:succeed in collecting the price  
 code postal:02100 
 price:896
2018-07-08 08:46:31,629 :: INFO :: site: http://www.carrefour.fr/services/fioul-domestique/ 
 code postal:84000 
 prix: 891 
2018-07-08 08:46:34,892 :: WARNING :: site: https://www.fioulreduc.com/ 
 info: can't locate the options of livraison.possibility:
 1.the site don't supply for this code postal 
 2.the site don't allow chose the type of livraison temporary
 code postal:02500 
2018-07-08 08:46:34,892 :: INFO :: site: https://www.fioulreduc.com/ 
 info: try to locate close button 
 code postal:02500 
2018-07-08 08:46:34,966 :: INFO :: Message: Unable to locate element: /html/body/div[3]/div[1]/button

2018-07-08 08:46:34,966 :: INFO :: site: https://www.fioulreduc.com/ 
 info:the site don't allow chose the type of livraison temporary 
 code postal:02500 
2018-07-08 08:46:37,271 :: INFO :: site: https://www.fioulmarket.fr/
 code postal:95230
 prix:940 
2018-07-08 08:46:38,821 :: INFO :: site: https://www.fioulreduc.com/ 
 info:succeed in collecting the price  
 code postal:02500 
 price:907
2018-07-08 08:46:39,929 :: INFO :: site: http://www.carrefour.fr/services/fioul-domestique/ 
 code postal:72000 
 prix: 908 
2018-07-08 08:46:45,366 :: INFO :: site: https://www.fioulreduc.com/ 
 info:succeed in collecting the price  
 code postal:06400 
 price:927
2018-07-08 08:46:48,234 :: INFO :: site: http://www.carrefour.fr/services/fioul-domestique/ 
 code postal:74000 
 prix: 903 
2018-07-08 08:46:48,270 :: INFO :: site: https://www.fioulmarket.fr/
 code postal:95150
 prix:940 
2018-07-08 08:46:49,033 :: INFO :: site: https://www.fioulreduc.com/ 
 info:succeed in collecting the price  
 code postal:26000 
 price:934
2018-07-08 08:46:52,805 :: INFO :: site: https://www.fioulreduc.com/ 
 info:succeed in collecting the price  
 code postal:41000 
 price:928
2018-07-08 08:46:56,531 :: INFO :: site: https://www.fioulreduc.com/ 
 info:succeed in collecting the price  
 code postal:45160 
 price:952
2018-07-08 08:46:56,576 :: INFO :: site: http://www.carrefour.fr/services/fioul-domestique/ 
 code postal:37170 
 prix: 895 
2018-07-08 08:47:00,251 :: INFO :: site: https://www.fioulreduc.com/ 
 info:succeed in collecting the price  
 code postal:45140 
 price:925
2018-07-08 08:47:03,346 :: INFO :: site: https://www.fioulmarket.fr/
 code postal:77100
 prix:940 
2018-07-08 08:47:04,116 :: INFO :: site: https://www.fioulreduc.com/ 
 info:succeed in collecting the price  
 code postal:59000 
 price:926
2018-07-08 08:47:04,858 :: INFO :: site: http://www.carrefour.fr/services/fioul-domestique/ 
 code postal:37540 
 prix: 895 
2018-07-08 08:47:08,161 :: INFO :: site: https://www.fioulreduc.com/ 
 info:succeed in collecting the price  
 code postal:76000 
 price:900
2018-07-08 08:47:13,267 :: INFO :: site: https://www.fioulreduc.com/ 
 info:succeed in collecting the price  
 code postal:69330 
 price:898
2018-07-08 08:47:13,629 :: INFO :: site: http://www.carrefour.fr/services/fioul-domestique/ 
 code postal:37000 
 prix: 895 
2018-07-08 08:47:14,376 :: INFO :: site: https://www.fioulmarket.fr/
 code postal:78140
 prix:933 
2018-07-08 08:47:15,365 :: INFO :: site: https://www.fioulreduc.com/ 
 info:one end of the cycle 

2018-07-08 08:47:15,365 :: INFO :: site:https://www.fioulreduc.com/ 
 info:going to insert date into prix table 
2018-07-08 08:47:15,544 :: INFO :: site:https://www.fioulreduc.com/ 
 info:succeed in inserting the data into the price table 
2018-07-08 08:47:15,544 :: INFO :: site: https://www.fioulreduc.com/ 
 info:end of the collection of price, collection succeed 

2018-07-08 08:47:21,948 :: INFO :: site: http://www.carrefour.fr/services/fioul-domestique/ 
 code postal:62000 
 prix: 904 
2018-07-08 08:47:27,586 :: INFO :: site: https://www.fioulmarket.fr/
 code postal:91140
 prix:933 
2018-07-08 08:47:30,275 :: INFO :: site: http://www.carrefour.fr/services/fioul-domestique/ 
 code postal:62400 
 prix: 904 
2018-07-08 08:47:38,579 :: INFO :: site: http://www.carrefour.fr/services/fioul-domestique/ 
 code postal:59500 
 prix: 904 
2018-07-08 08:47:39,370 :: INFO :: site: https://www.fioulmarket.fr/
 code postal:13400
 prix:927 
2018-07-08 08:47:46,918 :: INFO :: site: http://www.carrefour.fr/services/fioul-domestique/ 
 code postal:59320 
 prix: 904 
2018-07-08 08:47:50,470 :: INFO :: site: https://www.fioulmarket.fr/
 code postal:76200
 prix:950 
2018-07-08 08:47:55,227 :: INFO :: site: http://www.carrefour.fr/services/fioul-domestique/ 
 code postal:59220 
 prix: 904 
2018-07-08 08:48:01,346 :: INFO :: site: https://www.fioulmarket.fr/
 code postal:80350
 prix:951 
2018-07-08 08:48:01,506 :: ERROR :: Alert Text: None
Message: 

2018-07-08 08:48:01,506 :: ERROR :: site: http://www.carrefour.fr/services/fioul-domestique/ 
 error can't load price element 
 code postal:59115 
2018-07-08 08:48:12,256 :: INFO :: site: https://www.fioulmarket.fr/
 code postal:84300
 prix:932 
2018-07-08 08:48:20,873 :: ERROR :: Message: 

2018-07-08 08:48:20,873 :: ERROR :: site: http://www.carrefour.fr/services/fioul-domestique/ 
 error: can't load window close element 
 code postal:62950 
2018-07-08 08:48:25,327 :: INFO :: site: https://www.fioulmarket.fr/
 code postal:84130
 prix:932 
2018-07-08 08:48:30,944 :: ERROR :: Message: Element <button id="edit-rsc-carfuel-fuel-popup" class="k4-cta ctools-modal-rsc-modal-fixed ctools-use-modal form-submit ctools-use-modal-processed" name="op" type="submit"> is not clickable at point (403.5,648.7999877929688) because another element <div class="cz-overlay  cz-overlay-cz"> obscures it

2018-07-08 08:48:30,944 :: ERROR :: site: http://www.carrefour.fr/services/fioul-domestique/ 
 error can't load button element 
 code postal:62950 
2018-07-08 08:48:36,469 :: INFO :: site: https://www.fioulmarket.fr/
 code postal:84000
 prix:932 
2018-07-08 08:48:38,425 :: ERROR :: Message: 

2018-07-08 08:48:38,425 :: ERROR :: site: http://www.carrefour.fr/services/fioul-domestique/ 
 error: can't load window close element 
 code postal:59223 
2018-07-08 08:48:49,011 :: INFO :: site: http://www.carrefour.fr/services/fioul-domestique/ 
 code postal:59223 
 prix: 904 
2018-07-08 08:48:49,185 :: INFO :: site: https://www.fioulmarket.fr/
 code postal:72000
 prix:893 
2018-07-08 08:48:57,362 :: INFO :: site: http://www.carrefour.fr/services/fioul-domestique/ 
 code postal:59650 
 prix: 904 
2018-07-08 08:49:00,158 :: INFO :: site: https://www.fioulmarket.fr/
 code postal:74000
 prix:935 
2018-07-08 08:49:05,744 :: INFO :: site: http://www.carrefour.fr/services/fioul-domestique/ 
 code postal:59300 
 prix: 904 
2018-07-08 08:49:11,362 :: INFO :: site: https://www.fioulmarket.fr/
 code postal:81100
 prix:969 
2018-07-08 08:49:14,159 :: INFO :: site: http://www.carrefour.fr/services/fioul-domestique/ 
 code postal:59400 
 prix: 904 
2018-07-08 08:49:22,418 :: INFO :: site: https://www.fioulmarket.fr/
 code postal:37170
 prix:943 
2018-07-08 08:49:22,518 :: INFO :: site: http://www.carrefour.fr/services/fioul-domestique/ 
 code postal:59720 
 prix: 904 
2018-07-08 08:49:30,829 :: INFO :: site: http://www.carrefour.fr/services/fioul-domestique/ 
 code postal:02300 
 prix: 899 
2018-07-08 08:49:33,342 :: INFO :: site: https://www.fioulmarket.fr/
 code postal:37540
 prix:925 
2018-07-08 08:49:39,174 :: INFO :: site: http://www.carrefour.fr/services/fioul-domestique/ 
 code postal:02100 
 prix: 903 
2018-07-08 08:49:44,508 :: INFO :: site: https://www.fioulmarket.fr/
 code postal:37000
 prix:925 
2018-07-08 08:49:47,456 :: INFO :: site: http://www.carrefour.fr/services/fioul-domestique/ 
 code postal:06400 
 prix: 909 
2018-07-08 08:49:55,461 :: INFO :: site: https://www.fioulmarket.fr/
 code postal:62000
 prix:939 
2018-07-08 08:49:55,727 :: INFO :: site: http://www.carrefour.fr/services/fioul-domestique/ 
 code postal:26000 
 prix: 882 
2018-07-08 08:50:04,020 :: INFO :: site: http://www.carrefour.fr/services/fioul-domestique/ 
 code postal:41000 
 prix: 895 
2018-07-08 08:50:06,275 :: INFO :: site: https://www.fioulmarket.fr/
 code postal:62400
 prix:931 
2018-07-08 08:50:12,381 :: INFO :: site: http://www.carrefour.fr/services/fioul-domestique/ 
 code postal:45160 
 prix: 901 
2018-07-08 08:50:17,394 :: INFO :: site: https://www.fioulmarket.fr/
 code postal:59500
 prix:939 
2018-07-08 08:50:20,737 :: INFO :: site: http://www.carrefour.fr/services/fioul-domestique/ 
 code postal:45140 
 prix: 901 
2018-07-08 08:50:28,510 :: INFO :: site: https://www.fioulmarket.fr/
 code postal:59320
 prix:939 
2018-07-08 08:50:29,050 :: INFO :: site: http://www.carrefour.fr/services/fioul-domestique/ 
 code postal:59000 
 prix: 904 
2018-07-08 08:50:36,942 :: INFO :: site: http://www.carrefour.fr/services/fioul-domestique/ 
 code postal:76000 
 prix: 906 
2018-07-08 08:50:39,423 :: INFO :: site: https://www.fioulmarket.fr/
 code postal:59220
 prix:939 
2018-07-08 08:50:45,233 :: INFO :: site: http://www.carrefour.fr/services/fioul-domestique/ 
 code postal:69330 
 prix: 904 
2018-07-08 08:50:50,485 :: INFO :: site: https://www.fioulmarket.fr/
 code postal:59115
 prix:939 
2018-07-08 08:50:51,862 :: INFO :: site: http://www.carrefour.fr/services/fioul-domestique/ 
 info:one end of the cycle 

2018-07-08 08:50:51,862 :: INFO :: site:http://www.carrefour.fr/services/fioul-domestique/ 
 info:going to insert date into prix table 
2018-07-08 08:50:51,928 :: INFO :: site:http://www.carrefour.fr/services/fioul-domestique/ 
 info:succeed in inserting the data into the price table 
2018-07-08 08:51:01,680 :: INFO :: site: https://www.fioulmarket.fr/
 code postal:62950
 prix:939 
2018-07-08 08:51:06,593 :: INFO :: try/retry to open the site:http://www.carrefour.fr/services/fioul-domestique/
2018-07-08 08:51:12,905 :: INFO :: site: https://www.fioulmarket.fr/
 code postal:59223
 prix:939 
2018-07-08 08:51:17,669 :: INFO :: succeed in opening this site:http://www.carrefour.fr/services/fioul-domestique/
2018-07-08 08:51:19,987 :: INFO :: Message: 

2018-07-08 08:51:19,987 :: INFO :: site: http://www.carrefour.fr/services/fioul-domestique/ 
 info:The site's pub doesn't appear59115 
2018-07-08 08:51:22,074 :: INFO :: Message: 

2018-07-08 08:51:22,074 :: INFO :: site: http://www.carrefour.fr/services/fioul-domestique/ 
 info: The cookie request doesn't appear 
 code postal:59115 
2018-07-08 08:51:22,875 :: INFO :: site: http://www.carrefour.fr/services/fioul-domestique/
info:the first collection finished in this site code postal:59115
 prix:904 
2018-07-08 08:51:25,644 :: INFO :: site: https://www.fioulmarket.fr/
 code postal:59650
 prix:939 
2018-07-08 08:51:26,161 :: INFO :: site: http://www.carrefour.fr/services/fioul-domestique/ 
 code postal:62950 
 prix: 904 
2018-07-08 08:51:32,386 :: INFO :: site: http://www.carrefour.fr/services/fioul-domestique/ 
 info:one end of the cycle 

2018-07-08 08:51:32,387 :: INFO :: site:http://www.carrefour.fr/services/fioul-domestique/ 
 info:going to insert date into prix table 
2018-07-08 08:51:32,394 :: INFO :: site:http://www.carrefour.fr/services/fioul-domestique/ 
 info:succeed in inserting the data into the price table 
2018-07-08 08:51:32,395 :: INFO :: site: http://www.carrefour.fr/services/fioul-domestique/ 
 info:end of the collection of price, collection succeed 

2018-07-08 08:51:36,625 :: INFO :: site: https://www.fioulmarket.fr/
 code postal:59300
 prix:939 
2018-07-08 08:51:47,414 :: INFO :: site: https://www.fioulmarket.fr/
 code postal:59400
 prix:939 
2018-07-08 08:51:58,576 :: INFO :: site: https://www.fioulmarket.fr/
 code postal:59720
 prix:939 
2018-07-08 08:52:14,584 :: INFO :: site: https://www.fioulmarket.fr/
 code postal:02300
 prix:932 
2018-07-08 08:52:26,256 :: INFO :: site: https://www.fioulmarket.fr/
 code postal:02100
 prix:932 
2018-07-08 08:52:32,187 :: INFO :: Message: 

2018-07-08 08:52:32,187 :: INFO :: site: https://www.fioulmarket.fr/ 
 info:The fioul type lable doesn't appear 
 code postal:02500 
2018-07-08 08:52:45,940 :: INFO :: site: https://www.fioulmarket.fr/
 code postal:02500
 prix:938 
2018-07-08 08:52:56,900 :: INFO :: site: https://www.fioulmarket.fr/
 code postal:06400
 prix:950 
2018-07-08 08:53:08,051 :: INFO :: site: https://www.fioulmarket.fr/
 code postal:26000
 prix:928 
2018-07-08 08:53:18,789 :: INFO :: site: https://www.fioulmarket.fr/
 code postal:41000
 prix:942 
2018-07-08 08:53:33,157 :: INFO :: site: https://www.fioulmarket.fr/
 code postal:45160
 prix:939 
2018-07-08 08:53:44,475 :: INFO :: site: https://www.fioulmarket.fr/
 code postal:45140
 prix:939 
2018-07-08 08:53:55,541 :: INFO :: site: https://www.fioulmarket.fr/
 code postal:59000
 prix:939 
2018-07-08 08:54:06,544 :: INFO :: site: https://www.fioulmarket.fr/
 code postal:76000
 prix:937 
2018-07-08 08:54:17,263 :: INFO :: site: https://www.fioulmarket.fr/
 code postal:69330
 prix:929 
2018-07-08 08:54:19,048 :: INFO :: site: https://www.fioulmarket.fr/ 
 info:one end of the cycle 

2018-07-08 08:54:19,049 :: INFO :: site:https://www.fioulmarket.fr/ 
 info:going to insert date into prix table 
2018-07-08 08:54:19,181 :: INFO :: site:https://www.fioulmarket.fr/ 
 info:succeed in inserting the data into the price table 
2018-07-08 08:54:19,181 :: INFO :: site: https://www.fioulmarket.fr/ 
 info:end of the collection of price, collection succeed 

2018-07-08 08:54:19,181 :: INFO :: lance the thread succeed
2018-07-08 08:54:19,181 :: INFO :: Program finish with success, it going to set the etat as 1
2018-07-08 08:54:19,181 :: INFO :: it going to update the etat to 1
2018-07-08 08:54:19,184 :: ERROR :: no results to fetch
2018-07-08 08:54:19,184 :: ERROR :: can't update the etat on the database
2018-07-08 08:54:19,184 :: INFO :: it goinug to get the etat from the database
2018-07-08 08:54:19,216 :: ERROR :: list index out of range
2018-07-08 08:54:19,216 :: ERROR :: get the stat failed
2018-07-08 08:54:19,216 :: INFO :: it goinug to get the etat from the database
2018-07-08 08:54:19,232 :: ERROR :: list index out of range
2018-07-08 08:54:19,232 :: ERROR :: get the stat failed
2018-07-08 08:54:19,233 :: INFO :: This program this time spent 846 s
2018-07-08 08:57:26,081 :: INFO :: begin to init the program with configuration file
2018-07-08 08:57:26,086 :: INFO :: get the email configuration succeed
2018-07-08 08:57:26,086 :: INFO :: etat init
2018-07-08 08:57:26,099 :: ERROR :: not all arguments converted during string formatting
2018-07-08 08:57:26,100 :: ERROR :: can't insert a new etat into the datebase
2018-07-08 08:57:26,100 :: INFO :: try to connect to the database in order to get all the code postals
2018-07-08 08:57:26,115 :: INFO :: connection succeed
2018-07-08 08:57:26,115 :: INFO :: try to select code postals and sites from database
2018-07-08 08:57:26,117 :: INFO :: selection of code postal and sites from database succeed
2018-07-08 08:57:26,117 :: INFO :: begin to lance the thread
2018-07-08 08:57:26,217 :: INFO :: Begin to collect the price from https://www.fioulmarket.fr/
2018-07-08 08:57:26,219 :: INFO :: site:https://www.fioulmarket.fr/ 
 code postal obligatoire:[(57, '59000'), (3, '76000'), (17, '69330')] 
 code postal essay:[(64, '62100\r\n')]
2018-07-08 08:57:26,232 :: INFO :: Begin to collect the price from https://www.fioulreduc.com/
2018-07-08 08:57:26,232 :: INFO :: site:https://www.fioulreduc.com/ 
 code postal obligatoire:[(60, '02500'), (1, '06400'), (2, '26000'), (18, '41000')] 
 code postal essay:[(63, '02300')]
2018-07-08 08:57:26,233 :: INFO :: Begin to collect the price from http://www.carrefour.fr/services/fioul-domestique/
2018-07-08 08:57:26,233 :: INFO :: site:http://www.carrefour.fr/services/fioul-domestique/ 
 code postal obligatoire:[(61, '59720'), (63, '02300'), (62, '02100'), (1, '06400')] 
 code postal essay:[(5, '16000'), (8, '16100'), (37, '76200'), (38, '80350'), (44, '81100'), (60, '02500')]
2018-07-08 08:57:43,135 :: INFO :: try/retry to open the site:https://www.fioulreduc.com/
2018-07-08 08:57:44,205 :: INFO :: try/retry to open the site:https://www.fioulmarket.fr/
2018-07-08 08:57:44,864 :: INFO :: try/retry to open the site:http://www.carrefour.fr/services/fioul-domestique/
2018-07-08 08:58:00,558 :: INFO :: succeed in opening this site:https://www.fioulmarket.fr/
2018-07-08 08:58:07,484 :: INFO :: succeed in opening this site:https://www.fioulreduc.com/
2018-07-08 08:58:07,784 :: INFO :: succeed in opening this site:http://www.carrefour.fr/services/fioul-domestique/
2018-07-08 08:58:09,840 :: INFO :: Message: 

2018-07-08 08:58:09,840 :: INFO :: site: http://www.carrefour.fr/services/fioul-domestique/ 
 info:The site's pub doesn't appear16000 
2018-07-08 08:58:11,951 :: INFO :: Message: 

2018-07-08 08:58:11,952 :: INFO :: site: http://www.carrefour.fr/services/fioul-domestique/ 
 info: The cookie request doesn't appear 
 code postal:16000 
2018-07-08 08:58:13,209 :: WARNING :: site: https://www.fioulreduc.com/ 
 info: can't locate the options of livraison.possibility:
 1.the site don't supply for this code postal 
 2.the site don't allow chose the type of livraison temporary
 code postal:02300 
2018-07-08 08:58:13,210 :: INFO :: site: https://www.fioulreduc.com/ 
 info: try to locate close button 
 code postal:02300 
2018-07-08 08:58:13,222 :: INFO :: located the close button
2018-07-08 08:58:13,451 :: INFO :: site: https://www.fioulreduc.com/ 
 info:the site don't supply for this code postal temporary 
 code postal:02300 
2018-07-08 08:58:13,545 :: ERROR :: Message: 

2018-07-08 08:58:13,545 :: ERROR :: site: https://www.fioulmarket.fr/ 
 error: can't load livraison element 
 code postal:62100
 
2018-07-08 08:58:17,284 :: INFO :: Message: 

2018-07-08 08:58:17,284 :: INFO :: site: http://www.carrefour.fr/services/fioul-domestique/ 
 error: can't load price element 
 code postal:16000 
2018-07-08 08:58:24,718 :: INFO :: Message: 

2018-07-08 08:58:25,631 :: INFO :: site: http://www.carrefour.fr/services/fioul-domestique/ 
 error can't load price element 
 code postal:16100 
2018-07-08 08:58:29,869 :: INFO :: try/retry to open the site:https://www.fioulreduc.com/
2018-07-08 08:58:31,254 :: INFO :: try/retry to open the site:https://www.fioulmarket.fr/
2018-07-08 08:58:31,497 :: INFO :: Message: 

2018-07-08 08:58:31,497 :: INFO :: site: http://www.carrefour.fr/services/fioul-domestique/ 
 error can't load price element 
 code postal:76200 
2018-07-08 08:58:37,333 :: INFO :: Message: 

2018-07-08 08:58:37,333 :: INFO :: site: http://www.carrefour.fr/services/fioul-domestique/ 
 error can't load price element 
 code postal:80350 
2018-07-08 08:58:43,187 :: INFO :: Message: 

2018-07-08 08:58:43,187 :: INFO :: site: http://www.carrefour.fr/services/fioul-domestique/ 
 error can't load price element 
 code postal:81100 
2018-07-08 08:58:49,050 :: INFO :: Message: 

2018-07-08 08:58:49,050 :: INFO :: site: http://www.carrefour.fr/services/fioul-domestique/ 
 error can't load price element 
 code postal:02500 
2018-07-08 08:58:54,953 :: INFO :: succeed in opening this site:https://www.fioulmarket.fr/
2018-07-08 08:58:55,408 :: INFO :: succeed in opening this site:https://www.fioulreduc.com/
2018-07-08 08:59:01,356 :: WARNING :: site: https://www.fioulreduc.com/ 
 info: can't locate the options of livraison.possibility:
 1.the site don't supply for this code postal 
 2.the site don't allow chose the type of livraison temporary
 code postal:02500 
2018-07-08 08:59:01,356 :: INFO :: site: https://www.fioulreduc.com/ 
 info: try to locate close button 
 code postal:02500 
2018-07-08 08:59:01,366 :: INFO :: Message: Unable to locate element: /html/body/div[3]/div[1]/button

2018-07-08 08:59:01,366 :: INFO :: site: https://www.fioulreduc.com/ 
 info:the site don't allow chose the type of livraison temporary 
 code postal:02500 
2018-07-08 08:59:06,547 :: INFO :: try/retry to open the site:http://www.carrefour.fr/services/fioul-domestique/
2018-07-08 08:59:06,979 :: INFO :: site: https://www.fioulreduc.com/ 
 info:succeed in collecting the price  
 code postal:02500 
 price:907
2018-07-08 08:59:07,953 :: ERROR :: Message: 

2018-07-08 08:59:07,953 :: ERROR :: site: https://www.fioulmarket.fr/ 
 error: can't load livraison element 
 code postal:59000 
2018-07-08 08:59:13,008 :: INFO :: Message: 

2018-07-08 08:59:13,008 :: INFO :: site: https://www.fioulmarket.fr/ 
 info:can't load the code postal element76000 
2018-07-08 08:59:15,520 :: INFO :: site: https://www.fioulreduc.com/ 
 info:succeed in collecting the price  
 code postal:06400 
 price:927
2018-07-08 08:59:18,059 :: INFO :: Message: 

2018-07-08 08:59:18,059 :: INFO :: site: https://www.fioulmarket.fr/ 
 info:can't load the code postal element69330 
2018-07-08 08:59:19,899 :: INFO :: site: https://www.fioulmarket.fr/ 
 info:one end of the cycle 

2018-07-08 08:59:21,756 :: WARNING :: site: https://www.fioulreduc.com/ 
 info: can't locate the options of livraison.possibility:
 1.the site don't supply for this code postal 
 2.the site don't allow chose the type of livraison temporary
 code postal:26000 
2018-07-08 08:59:21,756 :: INFO :: site: https://www.fioulreduc.com/ 
 info: try to locate close button 
 code postal:26000 
2018-07-08 08:59:21,766 :: INFO :: located the close button
2018-07-08 08:59:35,526 :: INFO :: try/retry to open the site:https://www.fioulmarket.fr/
2018-07-08 08:59:41,433 :: INFO :: succeed in opening this site:http://www.carrefour.fr/services/fioul-domestique/
2018-07-08 08:59:43,500 :: INFO :: Message: 

2018-07-08 08:59:43,500 :: INFO :: site: http://www.carrefour.fr/services/fioul-domestique/ 
 info:The site's pub doesn't appear59720 
2018-07-08 08:59:45,626 :: INFO :: Message: 

2018-07-08 08:59:45,626 :: INFO :: site: http://www.carrefour.fr/services/fioul-domestique/ 
 info: The cookie request doesn't appear 
 code postal:59720 
2018-07-08 08:59:48,458 :: INFO :: site: http://www.carrefour.fr/services/fioul-domestique/
info:the first collection finished in this site code postal:59720
 prix:904 
2018-07-08 08:59:54,345 :: ERROR :: Message: 

2018-07-08 08:59:54,345 :: ERROR :: site: http://www.carrefour.fr/services/fioul-domestique/ 
 error can't load price element 
 code postal:02300 
2018-07-08 09:00:04,534 :: INFO :: succeed in opening this site:https://www.fioulmarket.fr/
2018-07-08 09:00:16,063 :: INFO :: site: https://www.fioulmarket.fr/
 code postal:59000
 prix:939 
2018-07-08 09:00:26,610 :: ERROR :: Message: 

2018-07-08 09:00:26,610 :: ERROR :: site: http://www.carrefour.fr/services/fioul-domestique/ 
 error: can't load window close element 
 code postal:02100 
2018-07-08 09:00:28,087 :: INFO :: site: https://www.fioulmarket.fr/
 code postal:76000
 prix:937 
2018-07-08 09:00:36,463 :: INFO :: site: http://www.carrefour.fr/services/fioul-domestique/ 
 code postal:02100 
 prix: 903 
2018-07-08 09:00:38,881 :: INFO :: site: https://www.fioulmarket.fr/
 code postal:69330
 prix:929 
2018-07-08 09:00:40,565 :: INFO :: site: https://www.fioulmarket.fr/ 
 info:one end of the cycle 

2018-07-08 09:00:40,565 :: INFO :: site:https://www.fioulmarket.fr/ 
 info:going to insert date into prix table 
2018-07-08 09:00:40,599 :: INFO :: site:https://www.fioulmarket.fr/ 
 info:succeed in inserting the data into the price table 
2018-07-08 09:00:40,599 :: INFO :: site: https://www.fioulmarket.fr/ 
 info:end of the collection of price, collection succeed 

2018-07-08 09:00:48,894 :: INFO :: site: http://www.carrefour.fr/services/fioul-domestique/ 
 code postal:06400 
 prix: 909 
2018-07-08 09:00:55,023 :: INFO :: site: http://www.carrefour.fr/services/fioul-domestique/ 
 info:one end of the cycle 

2018-07-08 09:00:55,023 :: INFO :: site:http://www.carrefour.fr/services/fioul-domestique/ 
 info:going to insert date into prix table 
2018-07-08 09:00:55,030 :: INFO :: site:http://www.carrefour.fr/services/fioul-domestique/ 
 info:succeed in inserting the data into the price table 
2018-07-08 09:01:11,100 :: INFO :: try/retry to open the site:http://www.carrefour.fr/services/fioul-domestique/
2018-07-08 09:01:37,107 :: INFO :: succeed in opening this site:http://www.carrefour.fr/services/fioul-domestique/
2018-07-08 09:01:39,142 :: INFO :: Message: 

2018-07-08 09:01:39,142 :: INFO :: site: http://www.carrefour.fr/services/fioul-domestique/ 
 info:The site's pub doesn't appear02300 
2018-07-08 09:01:41,224 :: INFO :: Message: 

2018-07-08 09:01:41,224 :: INFO :: site: http://www.carrefour.fr/services/fioul-domestique/ 
 info: The cookie request doesn't appear 
 code postal:02300 
2018-07-08 09:01:42,052 :: INFO :: site: http://www.carrefour.fr/services/fioul-domestique/
info:the first collection finished in this site code postal:02300
 prix:899 
2018-07-08 09:01:43,266 :: INFO :: site: http://www.carrefour.fr/services/fioul-domestique/ 
 info:one end of the cycle 

2018-07-08 09:01:43,266 :: INFO :: site:http://www.carrefour.fr/services/fioul-domestique/ 
 info:going to insert date into prix table 
2018-07-08 09:01:43,281 :: INFO :: site:http://www.carrefour.fr/services/fioul-domestique/ 
 info:succeed in inserting the data into the price table 
2018-07-08 09:01:43,281 :: INFO :: site: http://www.carrefour.fr/services/fioul-domestique/ 
 info:end of the collection of price, collection succeed 

2018-07-08 09:01:43,281 :: INFO :: lance the thread succeed
2018-07-08 09:01:43,282 :: INFO :: Program finish with success, it going to set the etat as 1
2018-07-08 09:01:43,282 :: INFO :: it going to update the etat to 1
2018-07-08 09:01:43,322 :: ERROR :: no results to fetch
2018-07-08 09:01:43,322 :: ERROR :: can't update the etat on the database
2018-07-08 09:01:43,322 :: INFO :: it goinug to get the etat from the database
2018-07-08 09:01:43,326 :: ERROR :: list index out of range
2018-07-08 09:01:43,326 :: ERROR :: get the stat failed
2018-07-08 09:01:43,326 :: INFO :: it goinug to get the etat from the database
2018-07-08 09:01:43,352 :: ERROR :: list index out of range
2018-07-08 09:01:43,352 :: ERROR :: get the stat failed
2018-07-08 09:01:43,352 :: INFO :: This program this time spent 257 s
2018-07-08 09:02:35,129 :: INFO :: begin to init the program with configuration file
2018-07-08 09:02:35,135 :: INFO :: get the email configuration succeed
2018-07-08 09:02:35,135 :: INFO :: etat init
2018-07-08 09:02:35,171 :: ERROR :: not all arguments converted during string formatting
2018-07-08 09:02:35,171 :: ERROR :: can't insert a new etat into the datebase
2018-07-08 09:02:35,171 :: INFO :: try to connect to the database in order to get all the code postals
2018-07-08 09:02:35,189 :: INFO :: connection succeed
2018-07-08 09:02:35,190 :: INFO :: try to select code postals and sites from database
2018-07-08 09:02:35,196 :: INFO :: selection of code postal and sites from database succeed
2018-07-08 09:02:35,197 :: INFO :: begin to lance the thread
2018-07-08 09:02:35,201 :: INFO :: Begin to collect the price from http://www.carrefour.fr/services/fioul-domestique/
2018-07-08 09:02:35,201 :: INFO :: site:http://www.carrefour.fr/services/fioul-domestique/ 
 code postal obligatoire:[] 
 code postal essay:[(5, '16000'), (8, '16100'), (37, '76200'), (38, '80350'), (44, '81100'), (60, '02500')]
2018-07-08 09:02:35,212 :: INFO :: Begin to collect the price from https://www.fioulmarket.fr/
2018-07-08 09:02:35,213 :: INFO :: site:https://www.fioulmarket.fr/ 
 code postal obligatoire:[] 
 code postal essay:[(64, '62100\r\n')]
2018-07-08 09:02:35,213 :: INFO :: Begin to collect the price from https://www.fioulreduc.com/
2018-07-08 09:02:35,213 :: INFO :: site:https://www.fioulreduc.com/ 
 code postal obligatoire:[(60, '02500'), (1, '06400'), (2, '26000'), (18, '41000')] 
 code postal essay:[(63, '02300')]
2018-07-08 09:02:52,241 :: INFO :: try/retry to open the site:http://www.carrefour.fr/services/fioul-domestique/
2018-07-08 09:02:53,649 :: INFO :: try/retry to open the site:https://www.fioulreduc.com/
2018-07-08 09:02:54,952 :: INFO :: try/retry to open the site:https://www.fioulmarket.fr/
2018-07-08 09:03:51,418 :: INFO :: succeed in opening this site:https://www.fioulreduc.com/
2018-07-08 09:03:57,613 :: WARNING :: site: https://www.fioulreduc.com/ 
 info: can't locate the options of livraison.possibility:
 1.the site don't supply for this code postal 
 2.the site don't allow chose the type of livraison temporary
 code postal:02300 
2018-07-08 09:03:57,613 :: INFO :: site: https://www.fioulreduc.com/ 
 info: try to locate close button 
 code postal:02300 
2018-07-08 09:03:57,617 :: INFO :: located the close button
2018-07-08 09:04:10,998 :: INFO :: succeed in opening this site:https://www.fioulmarket.fr/
2018-07-08 09:04:13,461 :: INFO :: succeed in opening this site:http://www.carrefour.fr/services/fioul-domestique/
2018-07-08 09:04:17,200 :: INFO :: Message: 

2018-07-08 09:04:17,200 :: INFO :: site: http://www.carrefour.fr/services/fioul-domestique/ 
 info:The site's pub doesn't appear16000 
2018-07-08 09:04:19,995 :: INFO :: Message: 

2018-07-08 09:04:19,995 :: INFO :: site: http://www.carrefour.fr/services/fioul-domestique/ 
 info: The cookie request doesn't appear 
 code postal:16000 
2018-07-08 09:04:23,513 :: ERROR :: Message: 

2018-07-08 09:04:23,513 :: ERROR :: site: https://www.fioulmarket.fr/ 
 error: can't load livraison element 
 code postal:62100
 
2018-07-08 09:04:25,323 :: INFO :: Message: 

2018-07-08 09:04:25,323 :: INFO :: site: http://www.carrefour.fr/services/fioul-domestique/ 
 error: can't load price element 
 code postal:16000 
2018-07-08 09:04:31,221 :: INFO :: Message: 

2018-07-08 09:04:31,221 :: INFO :: site: http://www.carrefour.fr/services/fioul-domestique/ 
 error can't load price element 
 code postal:16100 
2018-07-08 09:04:38,750 :: INFO :: Message: 

2018-07-08 09:04:38,750 :: INFO :: site: http://www.carrefour.fr/services/fioul-domestique/ 
 error can't load price element 
 code postal:76200 
2018-07-08 09:04:41,230 :: INFO :: try/retry to open the site:https://www.fioulmarket.fr/
2018-07-08 09:04:44,547 :: INFO :: Message: 

2018-07-08 09:04:44,547 :: INFO :: site: http://www.carrefour.fr/services/fioul-domestique/ 
 error can't load price element 
 code postal:80350 
2018-07-08 09:04:50,402 :: INFO :: Message: 

2018-07-08 09:04:50,402 :: INFO :: site: http://www.carrefour.fr/services/fioul-domestique/ 
 error can't load price element 
 code postal:81100 
2018-07-08 09:04:56,229 :: INFO :: Message: 

2018-07-08 09:04:56,229 :: INFO :: site: http://www.carrefour.fr/services/fioul-domestique/ 
 error can't load price element 
 code postal:02500 
2018-07-08 09:05:07,547 :: INFO :: succeed in opening this site:https://www.fioulmarket.fr/
2018-07-08 09:05:08,840 :: INFO :: site: https://www.fioulmarket.fr/ 
 info:one end of the cycle 

2018-07-08 09:05:08,841 :: INFO :: site: https://www.fioulmarket.fr/ 
 info:end of the collection of price, collection succeed 

2018-07-08 09:05:16,360 :: INFO :: try/retry to open the site:http://www.carrefour.fr/services/fioul-domestique/
2018-07-08 09:05:34,995 :: INFO :: succeed in opening this site:http://www.carrefour.fr/services/fioul-domestique/
2018-07-08 09:05:36,414 :: INFO :: site: http://www.carrefour.fr/services/fioul-domestique/ 
 info:one end of the cycle 

2018-07-08 09:05:36,414 :: INFO :: site: http://www.carrefour.fr/services/fioul-domestique/ 
 info:end of the collection of price, collection succeed 

2018-07-08 09:05:36,414 :: INFO :: lance the thread succeed
2018-07-08 09:05:36,416 :: INFO :: Program finish with success, it going to set the etat as 1
2018-07-08 09:05:36,416 :: INFO :: it going to update the etat to 1
2018-07-08 09:05:36,432 :: ERROR :: no results to fetch
2018-07-08 09:05:36,433 :: ERROR :: can't update the etat on the database
2018-07-08 09:05:36,433 :: INFO :: it goinug to get the etat from the database
2018-07-08 09:05:36,492 :: ERROR :: list index out of range
2018-07-08 09:05:36,493 :: ERROR :: get the stat failed
2018-07-08 09:05:36,493 :: INFO :: it goinug to get the etat from the database
2018-07-08 09:05:36,512 :: ERROR :: list index out of range
2018-07-08 09:05:36,513 :: ERROR :: get the stat failed
2018-07-08 09:05:36,513 :: INFO :: This program this time spent 181 s
2018-07-08 09:06:22,893 :: INFO :: begin to init the program with configuration file
2018-07-08 09:06:22,933 :: INFO :: get the email configuration succeed
2018-07-08 09:06:22,934 :: INFO :: etat init
2018-07-08 09:06:22,945 :: ERROR :: not all arguments converted during string formatting
2018-07-08 09:06:22,945 :: ERROR :: can't insert a new etat into the datebase
2018-07-08 09:06:22,946 :: INFO :: try to connect to the database in order to get all the code postals
2018-07-08 09:06:22,949 :: INFO :: connection succeed
2018-07-08 09:06:22,949 :: INFO :: try to select code postals and sites from database
2018-07-08 09:06:22,952 :: INFO :: selection of code postal and sites from database succeed
2018-07-08 09:06:22,952 :: INFO :: begin to lance the thread
2018-07-08 09:06:22,988 :: INFO :: Begin to collect the price from https://www.fioulmarket.fr/
2018-07-08 09:06:22,988 :: INFO :: site:https://www.fioulmarket.fr/ 
 code postal obligatoire:[] 
 code postal essay:[(64, '62100\r\n')]
2018-07-08 09:06:22,989 :: INFO :: Begin to collect the price from https://www.fioulreduc.com/
2018-07-08 09:06:22,990 :: INFO :: site:https://www.fioulreduc.com/ 
 code postal obligatoire:[(60, '02500'), (1, '06400'), (2, '26000'), (18, '41000')] 
 code postal essay:[(63, '02300')]
2018-07-08 09:06:23,029 :: INFO :: Begin to collect the price from http://www.carrefour.fr/services/fioul-domestique/
2018-07-08 09:06:23,029 :: INFO :: site:http://www.carrefour.fr/services/fioul-domestique/ 
 code postal obligatoire:[] 
 code postal essay:[(5, '16000'), (8, '16100'), (37, '76200'), (38, '80350'), (44, '81100'), (60, '02500')]
2018-07-08 09:06:39,163 :: INFO :: try/retry to open the site:https://www.fioulmarket.fr/
2018-07-08 09:06:40,806 :: INFO :: try/retry to open the site:https://www.fioulreduc.com/
2018-07-08 09:06:42,765 :: INFO :: try/retry to open the site:http://www.carrefour.fr/services/fioul-domestique/
2018-07-08 09:08:08,650 :: INFO :: succeed in opening this site:https://www.fioulreduc.com/
2018-07-08 09:08:14,364 :: WARNING :: site: https://www.fioulreduc.com/ 
 info: can't locate the options of livraison.possibility:
 1.the site don't supply for this code postal 
 2.the site don't allow chose the type of livraison temporary
 code postal:02300 
2018-07-08 09:08:14,364 :: INFO :: site: https://www.fioulreduc.com/ 
 info: try to locate close button 
 code postal:02300 
2018-07-08 09:08:14,369 :: INFO :: located the close button
2018-07-08 09:08:35,409 :: INFO :: succeed in opening this site:http://www.carrefour.fr/services/fioul-domestique/
2018-07-08 09:08:37,436 :: INFO :: Message: 

2018-07-08 09:08:37,436 :: INFO :: site: http://www.carrefour.fr/services/fioul-domestique/ 
 info:The site's pub doesn't appear16000 
2018-07-08 09:08:39,538 :: INFO :: Message: 

2018-07-08 09:08:39,538 :: INFO :: site: http://www.carrefour.fr/services/fioul-domestique/ 
 info: The cookie request doesn't appear 
 code postal:16000 
2018-07-08 09:08:41,645 :: INFO :: succeed in opening this site:https://www.fioulmarket.fr/
2018-07-08 09:08:44,901 :: INFO :: Message: 

2018-07-08 09:08:44,901 :: INFO :: site: http://www.carrefour.fr/services/fioul-domestique/ 
 error: can't load price element 
 code postal:16000 
2018-07-08 09:08:47,036 :: INFO :: Message: 

2018-07-08 09:08:47,036 :: INFO :: site: https://www.fioulmarket.fr/ 
 info:The fioul type lable doesn't appear 
 code postal:62100
 
2018-07-08 09:08:50,741 :: INFO :: Message: 

2018-07-08 09:08:50,741 :: INFO :: site: http://www.carrefour.fr/services/fioul-domestique/ 
 error can't load price element 
 code postal:16100 
2018-07-08 09:08:57,030 :: INFO :: Message: 

2018-07-08 09:08:57,030 :: INFO :: site: http://www.carrefour.fr/services/fioul-domestique/ 
 error can't load price element 
 code postal:76200 
2018-07-08 09:09:02,832 :: INFO :: Message: 

2018-07-08 09:09:02,832 :: INFO :: site: http://www.carrefour.fr/services/fioul-domestique/ 
 error can't load price element 
 code postal:80350 
2018-07-08 09:09:08,685 :: INFO :: Message: 

2018-07-08 09:09:08,685 :: INFO :: site: http://www.carrefour.fr/services/fioul-domestique/ 
 error can't load price element 
 code postal:81100 
2018-07-08 09:09:14,530 :: INFO :: Message: 

2018-07-08 09:09:14,530 :: INFO :: site: http://www.carrefour.fr/services/fioul-domestique/ 
 error can't load price element 
 code postal:02500 
2018-07-08 09:09:32,192 :: INFO :: try/retry to open the site:http://www.carrefour.fr/services/fioul-domestique/
2018-07-08 09:10:16,226 :: INFO :: succeed in opening this site:http://www.carrefour.fr/services/fioul-domestique/
2018-07-08 09:10:17,406 :: INFO :: site: http://www.carrefour.fr/services/fioul-domestique/ 
 info:one end of the cycle 

2018-07-08 09:10:17,407 :: INFO :: site: http://www.carrefour.fr/services/fioul-domestique/ 
 info:end of the collection of price, collection succeed 

2018-07-08 09:10:17,407 :: INFO :: lance the thread succeed
2018-07-08 09:10:17,409 :: INFO :: Program finish with success, it going to set the etat as 1
2018-07-08 09:10:17,409 :: INFO :: it going to update the etat to 1
2018-07-08 09:10:17,422 :: ERROR :: no results to fetch
2018-07-08 09:10:17,423 :: ERROR :: can't update the etat on the database
2018-07-08 09:10:17,423 :: INFO :: it goinug to get the etat from the database
2018-07-08 09:10:17,436 :: ERROR :: list index out of range
2018-07-08 09:10:17,436 :: ERROR :: get the stat failed
2018-07-08 09:10:17,437 :: INFO :: it goinug to get the etat from the database
2018-07-08 09:10:17,463 :: ERROR :: list index out of range
2018-07-08 09:10:17,463 :: ERROR :: get the stat failed
2018-07-08 09:10:17,464 :: INFO :: This program this time spent 234 s
2018-07-08 09:13:23,432 :: INFO :: begin to init the program with configuration file
2018-07-08 09:13:23,466 :: INFO :: get the email configuration succeed
2018-07-08 09:13:23,466 :: INFO :: etat init
2018-07-08 09:13:23,469 :: ERROR :: not all arguments converted during string formatting
2018-07-08 09:13:23,469 :: ERROR :: can't insert a new etat into the datebase
2018-07-08 09:13:23,469 :: INFO :: try to connect to the database in order to get all the code postals
2018-07-08 09:13:23,471 :: INFO :: connection succeed
2018-07-08 09:13:23,471 :: INFO :: try to select code postals and sites from database
2018-07-08 09:13:23,473 :: INFO :: selection of code postal and sites from database succeed
2018-07-08 09:13:23,473 :: INFO :: begin to lance the thread
2018-07-08 09:13:23,505 :: INFO :: Begin to collect the price from https://www.fioulreduc.com/
2018-07-08 09:13:23,505 :: INFO :: site:https://www.fioulreduc.com/ 
 code postal obligatoire:[(60, '02500'), (1, '06400'), (2, '26000'), (18, '41000')] 
 code postal essay:[(63, '02300')]
2018-07-08 09:13:23,516 :: INFO :: Begin to collect the price from http://www.carrefour.fr/services/fioul-domestique/
2018-07-08 09:13:23,517 :: INFO :: site:http://www.carrefour.fr/services/fioul-domestique/ 
 code postal obligatoire:[] 
 code postal essay:[(5, '16000'), (8, '16100'), (37, '76200'), (38, '80350'), (44, '81100'), (60, '02500')]
2018-07-08 09:13:23,517 :: INFO :: Begin to collect the price from https://www.fioulmarket.fr/
2018-07-08 09:13:23,518 :: INFO :: site:https://www.fioulmarket.fr/ 
 code postal obligatoire:[] 
 code postal essay:[(64, '62100\r\n')]
2018-07-08 09:13:41,398 :: INFO :: try/retry to open the site:http://www.carrefour.fr/services/fioul-domestique/
2018-07-08 09:13:41,636 :: INFO :: try/retry to open the site:https://www.fioulmarket.fr/
2018-07-08 09:13:42,983 :: INFO :: try/retry to open the site:https://www.fioulreduc.com/
2018-07-08 09:13:44,870 :: INFO :: succeed in opening this site:https://www.fioulmarket.fr/
2018-07-08 09:13:46,218 :: INFO :: succeed in opening this site:https://www.fioulreduc.com/
2018-07-08 09:13:46,337 :: INFO :: succeed in opening this site:http://www.carrefour.fr/services/fioul-domestique/
2018-07-08 09:13:48,707 :: INFO :: Message: 

2018-07-08 09:13:48,707 :: INFO :: site: http://www.carrefour.fr/services/fioul-domestique/ 
 info:The site's pub doesn't appear16000 
2018-07-08 09:13:50,798 :: INFO :: Message: 

2018-07-08 09:13:50,798 :: INFO :: site: http://www.carrefour.fr/services/fioul-domestique/ 
 info: The cookie request doesn't appear 
 code postal:16000 
2018-07-08 09:13:51,980 :: WARNING :: site: https://www.fioulreduc.com/ 
 info: can't locate the options of livraison.possibility:
 1.the site don't supply for this code postal 
 2.the site don't allow chose the type of livraison temporary
 code postal:02300 
2018-07-08 09:13:51,980 :: INFO :: site: https://www.fioulreduc.com/ 
 info: try to locate close button 
 code postal:02300 
2018-07-08 09:13:51,987 :: INFO :: located the close button
2018-07-08 09:13:52,214 :: INFO :: site: https://www.fioulreduc.com/ 
 info:the site don't supply for this code postal temporary 
 code postal:02300 
2018-07-08 09:13:56,223 :: INFO :: Message: 

2018-07-08 09:13:56,223 :: INFO :: site: http://www.carrefour.fr/services/fioul-domestique/ 
 error: can't load price element 
 code postal:16000 
2018-07-08 09:13:56,728 :: ERROR :: Message: 

2018-07-08 09:13:56,728 :: ERROR :: site: https://www.fioulmarket.fr/ 
 error: can't load livraison element 
 code postal:62100
 
2018-07-08 09:14:03,230 :: INFO :: Message: 

2018-07-08 09:14:03,230 :: INFO :: site: http://www.carrefour.fr/services/fioul-domestique/ 
 error can't load price element 
 code postal:16100 
2018-07-08 09:14:08,789 :: INFO :: try/retry to open the site:https://www.fioulreduc.com/
2018-07-08 09:14:09,125 :: INFO :: Message: 

2018-07-08 09:14:09,125 :: INFO :: site: http://www.carrefour.fr/services/fioul-domestique/ 
 error can't load price element 
 code postal:76200 
2018-07-08 09:14:10,643 :: INFO :: succeed in opening this site:https://www.fioulreduc.com/
2018-07-08 09:14:14,455 :: INFO :: try/retry to open the site:https://www.fioulmarket.fr/
2018-07-08 09:14:15,000 :: INFO :: Message: 

2018-07-08 09:14:15,000 :: INFO :: site: http://www.carrefour.fr/services/fioul-domestique/ 
 error can't load price element 
 code postal:80350 
2018-07-08 09:14:15,916 :: INFO :: succeed in opening this site:https://www.fioulmarket.fr/
2018-07-08 09:14:17,154 :: INFO :: site: https://www.fioulmarket.fr/ 
 info:one end of the cycle 

2018-07-08 09:14:17,154 :: INFO :: site: https://www.fioulmarket.fr/ 
 info:end of the collection of price, collection succeed 

2018-07-08 09:14:18,163 :: WARNING :: site: https://www.fioulreduc.com/ 
 info: can't locate the options of livraison.possibility:
 1.the site don't supply for this code postal 
 2.the site don't allow chose the type of livraison temporary
 code postal:02500 
2018-07-08 09:14:18,163 :: INFO :: site: https://www.fioulreduc.com/ 
 info: try to locate close button 
 code postal:02500 
2018-07-08 09:14:18,167 :: INFO :: Message: Unable to locate element: /html/body/div[3]/div[1]/button

2018-07-08 09:14:18,168 :: INFO :: site: https://www.fioulreduc.com/ 
 info:the site don't allow chose the type of livraison temporary 
 code postal:02500 
2018-07-08 09:14:19,725 :: INFO :: site: https://www.fioulreduc.com/ 
 info:succeed in collecting the price  
 code postal:02500 
 price:907
2018-07-08 09:14:20,907 :: INFO :: Message: 

2018-07-08 09:14:20,907 :: INFO :: site: http://www.carrefour.fr/services/fioul-domestique/ 
 error can't load price element 
 code postal:81100 
2018-07-08 09:14:23,776 :: INFO :: site: https://www.fioulreduc.com/ 
 info:succeed in collecting the price  
 code postal:06400 
 price:927
2018-07-08 09:14:26,733 :: INFO :: Message: 

2018-07-08 09:14:26,733 :: INFO :: site: http://www.carrefour.fr/services/fioul-domestique/ 
 error can't load price element 
 code postal:02500 
2018-07-08 09:14:27,446 :: INFO :: site: https://www.fioulreduc.com/ 
 info:succeed in collecting the price  
 code postal:26000 
 price:934
2018-07-08 09:14:31,189 :: INFO :: site: https://www.fioulreduc.com/ 
 info:succeed in collecting the price  
 code postal:41000 
 price:928
2018-07-08 09:14:33,291 :: INFO :: site: https://www.fioulreduc.com/ 
 info:one end of the cycle 

2018-07-08 09:14:33,291 :: INFO :: site:https://www.fioulreduc.com/ 
 info:going to insert date into prix table 
2018-07-08 09:14:33,317 :: INFO :: site:https://www.fioulreduc.com/ 
 info:succeed in inserting the data into the price table 
2018-07-08 09:14:33,318 :: INFO :: site: https://www.fioulreduc.com/ 
 info:end of the collection of price, collection succeed 

2018-07-08 09:14:44,208 :: INFO :: try/retry to open the site:http://www.carrefour.fr/services/fioul-domestique/
2018-07-08 09:14:47,441 :: INFO :: succeed in opening this site:http://www.carrefour.fr/services/fioul-domestique/
2018-07-08 09:14:48,596 :: INFO :: site: http://www.carrefour.fr/services/fioul-domestique/ 
 info:one end of the cycle 

2018-07-08 09:14:48,598 :: INFO :: site: http://www.carrefour.fr/services/fioul-domestique/ 
 info:end of the collection of price, collection succeed 

2018-07-08 09:14:48,598 :: INFO :: lance the thread succeed
2018-07-08 09:14:48,598 :: INFO :: Program finish with success, it going to set the etat as 1
2018-07-08 09:14:48,598 :: INFO :: it going to update the etat to 1
2018-07-08 09:14:48,638 :: ERROR :: no results to fetch
2018-07-08 09:14:48,638 :: ERROR :: can't update the etat on the database
2018-07-08 09:14:48,638 :: INFO :: it goinug to get the etat from the database
2018-07-08 09:14:48,640 :: ERROR :: list index out of range
2018-07-08 09:14:48,641 :: ERROR :: get the stat failed
2018-07-08 09:14:48,641 :: INFO :: it goinug to get the etat from the database
2018-07-08 09:14:48,654 :: ERROR :: list index out of range
2018-07-08 09:14:48,654 :: ERROR :: get the stat failed
2018-07-08 09:14:48,654 :: INFO :: This program this time spent 85 s
2018-07-08 09:20:41,203 :: INFO :: begin to init the program with configuration file
2018-07-08 09:20:41,234 :: INFO :: get the email configuration succeed
2018-07-08 09:20:41,234 :: INFO :: etat init
2018-07-08 09:20:41,237 :: ERROR :: not all arguments converted during string formatting
2018-07-08 09:20:41,237 :: ERROR :: can't insert a new etat into the datebase
2018-07-08 09:20:41,237 :: INFO :: try to connect to the database in order to get all the code postals
2018-07-08 09:20:41,250 :: INFO :: connection succeed
2018-07-08 09:20:41,250 :: INFO :: try to select code postals and sites from database
2018-07-08 09:20:41,252 :: INFO :: selection of code postal and sites from database succeed
2018-07-08 09:20:41,252 :: INFO :: begin to lance the thread
2018-07-08 09:20:41,259 :: INFO :: Begin to collect the price from http://www.carrefour.fr/services/fioul-domestique/
2018-07-08 09:20:41,260 :: INFO :: site:http://www.carrefour.fr/services/fioul-domestique/ 
 code postal obligatoire:[] 
 code postal essay:[(5, '16000'), (8, '16100'), (37, '76200'), (38, '80350'), (44, '81100'), (60, '02500')]
2018-07-08 09:20:41,269 :: INFO :: Begin to collect the price from https://www.fioulmarket.fr/
2018-07-08 09:20:41,269 :: INFO :: site:https://www.fioulmarket.fr/ 
 code postal obligatoire:[] 
 code postal essay:[(64, '62100\r\n')]
2018-07-08 09:20:41,271 :: INFO :: Begin to collect the price from https://www.fioulreduc.com/
2018-07-08 09:20:41,271 :: INFO :: site:https://www.fioulreduc.com/ 
 code postal obligatoire:[] 
 code postal essay:[(63, '02300')]
2018-07-08 09:20:58,382 :: INFO :: try/retry to open the site:https://www.fioulmarket.fr/
2018-07-08 09:20:59,287 :: INFO :: try/retry to open the site:http://www.carrefour.fr/services/fioul-domestique/
2018-07-08 09:21:00,893 :: INFO :: try/retry to open the site:https://www.fioulreduc.com/
2018-07-08 09:21:02,214 :: INFO :: succeed in opening this site:https://www.fioulmarket.fr/
2018-07-08 09:21:04,051 :: INFO :: succeed in opening this site:http://www.carrefour.fr/services/fioul-domestique/
2018-07-08 09:21:04,322 :: INFO :: succeed in opening this site:https://www.fioulreduc.com/
2018-07-08 09:21:06,097 :: INFO :: Message: 

2018-07-08 09:21:06,098 :: INFO :: site: http://www.carrefour.fr/services/fioul-domestique/ 
 info:The site's pub doesn't appear16000 
2018-07-08 09:21:08,230 :: INFO :: Message: 

2018-07-08 09:21:08,230 :: INFO :: site: http://www.carrefour.fr/services/fioul-domestique/ 
 info: The cookie request doesn't appear 
 code postal:16000 
2018-07-08 09:21:10,033 :: WARNING :: site: https://www.fioulreduc.com/ 
 info: can't locate the options of livraison.possibility:
 1.the site don't supply for this code postal 
 2.the site don't allow chose the type of livraison temporary
 code postal:02300 
2018-07-08 09:21:10,033 :: INFO :: site: https://www.fioulreduc.com/ 
 info: try to locate close button 
 code postal:02300 
2018-07-08 09:21:10,042 :: INFO :: located the close button
2018-07-08 09:21:10,260 :: INFO :: site: https://www.fioulreduc.com/ 
 info:the site don't supply for this code postal temporary 
 code postal:02300 
2018-07-08 09:21:13,569 :: INFO :: Message: 

2018-07-08 09:21:13,569 :: INFO :: site: http://www.carrefour.fr/services/fioul-domestique/ 
 error: can't load price element 
 code postal:16000 
2018-07-08 09:21:14,069 :: ERROR :: Message: 

2018-07-08 09:21:14,069 :: ERROR :: site: https://www.fioulmarket.fr/ 
 error: can't load livraison element 
 code postal:62100
 
2018-07-08 09:21:19,450 :: INFO :: Message: 

2018-07-08 09:21:19,486 :: INFO :: site: http://www.carrefour.fr/services/fioul-domestique/ 
 error can't load price element 
 code postal:16100 
2018-07-08 09:21:27,142 :: INFO :: try/retry to open the site:https://www.fioulreduc.com/
2018-07-08 09:21:27,217 :: INFO :: Message: 

2018-07-08 09:21:27,217 :: INFO :: site: http://www.carrefour.fr/services/fioul-domestique/ 
 error can't load price element 
 code postal:76200 
2018-07-08 09:21:29,449 :: INFO :: succeed in opening this site:https://www.fioulreduc.com/
2018-07-08 09:21:31,086 :: INFO :: try/retry to open the site:https://www.fioulmarket.fr/
2018-07-08 09:21:31,276 :: INFO :: site: https://www.fioulreduc.com/ 
 info:one end of the cycle 

2018-07-08 09:21:31,277 :: INFO :: site: https://www.fioulreduc.com/ 
 info:end of the collection of price, collection succeed 

2018-07-08 09:21:32,632 :: INFO :: succeed in opening this site:https://www.fioulmarket.fr/
2018-07-08 09:21:33,258 :: INFO :: Message: 

2018-07-08 09:21:33,258 :: INFO :: site: http://www.carrefour.fr/services/fioul-domestique/ 
 error can't load price element 
 code postal:80350 
2018-07-08 09:21:33,876 :: INFO :: site: https://www.fioulmarket.fr/ 
 info:one end of the cycle 

2018-07-08 09:21:33,876 :: INFO :: site: https://www.fioulmarket.fr/ 
 info:end of the collection of price, collection succeed 

2018-07-08 09:21:39,062 :: INFO :: Message: 

2018-07-08 09:21:39,062 :: INFO :: site: http://www.carrefour.fr/services/fioul-domestique/ 
 error can't load price element 
 code postal:81100 
2018-07-08 09:21:44,919 :: INFO :: Message: 

2018-07-08 09:21:44,919 :: INFO :: site: http://www.carrefour.fr/services/fioul-domestique/ 
 error can't load price element 
 code postal:02500 
2018-07-08 09:22:00,775 :: INFO :: try/retry to open the site:http://www.carrefour.fr/services/fioul-domestique/
2018-07-08 09:22:03,834 :: INFO :: succeed in opening this site:http://www.carrefour.fr/services/fioul-domestique/
2018-07-08 09:22:05,040 :: INFO :: site: http://www.carrefour.fr/services/fioul-domestique/ 
 info:one end of the cycle 

2018-07-08 09:22:05,148 :: INFO :: site: http://www.carrefour.fr/services/fioul-domestique/ 
 info:end of the collection of price, collection succeed 

2018-07-08 09:22:05,149 :: INFO :: lance the thread succeed
2018-07-08 09:22:05,150 :: INFO :: Program finish with success, it going to set the etat as 1
2018-07-08 09:22:05,150 :: INFO :: it going to update the etat to 1
2018-07-08 09:22:05,164 :: ERROR :: no results to fetch
2018-07-08 09:22:05,164 :: ERROR :: can't update the etat on the database
2018-07-08 09:22:05,164 :: INFO :: it goinug to get the etat from the database
2018-07-08 09:22:05,179 :: ERROR :: list index out of range
2018-07-08 09:22:05,179 :: ERROR :: get the stat failed
2018-07-08 09:22:05,180 :: INFO :: it goinug to get the etat from the database
2018-07-08 09:22:05,183 :: ERROR :: list index out of range
2018-07-08 09:22:05,183 :: ERROR :: get the stat failed
2018-07-08 09:22:05,183 :: INFO :: This program this time spent 83 s
2018-07-08 09:44:43,662 :: INFO :: begin to init the program with configuration file
2018-07-08 09:44:43,678 :: INFO :: get the email configuration succeed
2018-07-08 09:44:43,678 :: INFO :: etat init
2018-07-08 09:44:43,692 :: ERROR :: not all arguments converted during string formatting
2018-07-08 09:44:43,692 :: ERROR :: can't insert a new etat into the datebase
2018-07-08 09:44:43,692 :: INFO :: try to connect to the database in order to get all the code postals
2018-07-08 09:44:43,695 :: INFO :: connection succeed
2018-07-08 09:44:43,695 :: INFO :: try to select code postals and sites from database
2018-07-08 09:44:43,696 :: INFO :: selection of code postal and sites from database succeed
2018-07-08 09:44:43,697 :: INFO :: begin to lance the thread
2018-07-08 09:44:43,757 :: INFO :: Begin to collect the price from https://www.fioulmarket.fr/
2018-07-08 09:44:43,758 :: INFO :: site:https://www.fioulmarket.fr/ 
 code postal obligatoire:[] 
 code postal essay:[(64, '62100\r\n')]
2018-07-08 09:44:43,762 :: INFO :: Begin to collect the price from http://www.carrefour.fr/services/fioul-domestique/
2018-07-08 09:44:43,762 :: INFO :: site:http://www.carrefour.fr/services/fioul-domestique/ 
 code postal obligatoire:[] 
 code postal essay:[(5, '16000'), (8, '16100'), (37, '76200'), (38, '80350'), (44, '81100'), (60, '02500')]
2018-07-08 09:44:43,767 :: INFO :: Begin to collect the price from https://www.fioulreduc.com/
2018-07-08 09:44:43,767 :: INFO :: site:https://www.fioulreduc.com/ 
 code postal obligatoire:[] 
 code postal essay:[(63, '02300')]
2018-07-08 09:45:18,851 :: INFO :: begin to init the program with configuration file
2018-07-08 09:45:18,866 :: INFO :: get the email configuration succeed
2018-07-08 09:45:18,866 :: INFO :: etat init
2018-07-08 09:45:18,879 :: ERROR :: not all arguments converted during string formatting
2018-07-08 09:45:18,880 :: ERROR :: can't insert a new etat into the datebase
2018-07-08 09:45:18,880 :: INFO :: try to connect to the database in order to get all the code postals
2018-07-08 09:45:18,884 :: INFO :: connection succeed
2018-07-08 09:45:18,885 :: INFO :: try to select code postals and sites from database
2018-07-08 09:45:18,887 :: INFO :: selection of code postal and sites from database succeed
2018-07-08 09:45:18,888 :: INFO :: begin to lance the thread
2018-07-08 09:45:18,904 :: INFO :: Begin to collect the price from http://www.carrefour.fr/services/fioul-domestique/
2018-07-08 09:45:18,905 :: INFO :: site:http://www.carrefour.fr/services/fioul-domestique/ 
 code postal obligatoire:[] 
 code postal essay:[(5, '16000'), (8, '16100'), (37, '76200'), (38, '80350'), (44, '81100'), (60, '02500')]
2018-07-08 09:45:18,905 :: INFO :: Begin to collect the price from https://www.fioulmarket.fr/
2018-07-08 09:45:18,905 :: INFO :: site:https://www.fioulmarket.fr/ 
 code postal obligatoire:[] 
 code postal essay:[(64, '62100\r\n')]
2018-07-08 09:45:18,909 :: INFO :: Begin to collect the price from https://www.fioulreduc.com/
2018-07-08 09:45:18,909 :: INFO :: site:https://www.fioulreduc.com/ 
 code postal obligatoire:[] 
 code postal essay:[(63, '02300')]
2018-07-08 09:45:39,303 :: INFO :: begin to init the program with configuration file
2018-07-08 09:45:39,319 :: INFO :: get the email configuration succeed
2018-07-08 09:45:39,326 :: INFO :: etat init
2018-07-08 09:46:05,205 :: ERROR :: not all arguments converted during string formatting
2018-07-08 09:46:09,484 :: ERROR :: can't insert a new etat into the datebase
2018-07-08 09:47:02,208 :: INFO :: begin to init the program with configuration file
2018-07-08 09:47:02,222 :: INFO :: get the email configuration succeed
2018-07-08 09:47:02,223 :: INFO :: etat init
2018-07-08 09:47:22,528 :: ERROR :: not all arguments converted during string formatting
2018-07-08 09:47:25,275 :: ERROR :: can't insert a new etat into the datebase
2018-07-08 09:49:48,438 :: INFO :: begin to init the program with configuration file
2018-07-08 09:49:48,443 :: INFO :: get the email configuration succeed
2018-07-08 09:49:48,443 :: INFO :: etat init
2018-07-08 09:50:49,506 :: INFO :: try to insert a new etat into the datebase
2018-07-08 09:50:54,622 :: INFO :: etat init succeed
2018-07-08 09:51:22,880 :: INFO :: begin to init the program with configuration file
2018-07-08 09:51:22,896 :: INFO :: get the email configuration succeed
2018-07-08 09:51:22,897 :: INFO :: etat init
2018-07-08 09:51:22,902 :: INFO :: it going to update the etat to 0
2018-07-08 09:51:22,906 :: ERROR :: no results to fetch
2018-07-08 09:51:22,906 :: ERROR :: can't update the etat on the database
2018-07-08 09:51:22,906 :: INFO :: try to connect to the database in order to get all the code postals
2018-07-08 09:51:22,953 :: INFO :: connection succeed
2018-07-08 09:51:22,953 :: INFO :: try to select code postals and sites from database
2018-07-08 09:51:22,954 :: INFO :: selection of code postal and sites from database succeed
2018-07-08 09:51:22,955 :: INFO :: begin to lance the thread
2018-07-08 09:51:22,964 :: INFO :: Begin to collect the price from https://www.fioulmarket.fr/
2018-07-08 09:51:22,964 :: INFO :: site:https://www.fioulmarket.fr/ 
 code postal obligatoire:[] 
 code postal essay:[(64, '62100\r\n')]
2018-07-08 09:51:22,978 :: INFO :: Begin to collect the price from https://www.fioulreduc.com/
2018-07-08 09:51:22,978 :: INFO :: site:https://www.fioulreduc.com/ 
 code postal obligatoire:[] 
 code postal essay:[(63, '02300')]
2018-07-08 09:51:22,979 :: INFO :: Begin to collect the price from http://www.carrefour.fr/services/fioul-domestique/
2018-07-08 09:51:22,979 :: INFO :: site:http://www.carrefour.fr/services/fioul-domestique/ 
 code postal obligatoire:[] 
 code postal essay:[(5, '16000'), (8, '16100'), (37, '76200'), (38, '80350'), (44, '81100'), (60, '02500')]
2018-07-08 09:52:39,158 :: INFO :: begin to init the program with configuration file
2018-07-08 09:52:39,164 :: INFO :: get the email configuration succeed
2018-07-08 09:52:39,165 :: INFO :: etat init
2018-07-08 09:52:39,177 :: INFO :: it going to update the etat to 0
2018-07-08 09:52:39,198 :: ERROR :: no results to fetch
2018-07-08 09:52:39,198 :: ERROR :: can't update the etat on the database
2018-07-08 09:52:39,199 :: INFO :: try to connect to the database in order to get all the code postals
2018-07-08 09:52:39,212 :: INFO :: connection succeed
2018-07-08 09:52:39,213 :: INFO :: try to select code postals and sites from database
2018-07-08 09:52:39,214 :: INFO :: selection of code postal and sites from database succeed
2018-07-08 09:52:39,214 :: INFO :: begin to lance the thread
2018-07-08 09:52:39,220 :: INFO :: Begin to collect the price from http://www.carrefour.fr/services/fioul-domestique/
2018-07-08 09:52:39,221 :: INFO :: site:http://www.carrefour.fr/services/fioul-domestique/ 
 code postal obligatoire:[] 
 code postal essay:[(5, '16000'), (8, '16100'), (37, '76200'), (38, '80350'), (44, '81100'), (60, '02500')]
2018-07-08 09:52:39,222 :: INFO :: Begin to collect the price from https://www.fioulmarket.fr/
2018-07-08 09:52:39,223 :: INFO :: site:https://www.fioulmarket.fr/ 
 code postal obligatoire:[] 
 code postal essay:[(64, '62100\r\n')]
2018-07-08 09:52:39,231 :: INFO :: Begin to collect the price from https://www.fioulreduc.com/
2018-07-08 09:52:39,232 :: INFO :: site:https://www.fioulreduc.com/ 
 code postal obligatoire:[] 
 code postal essay:[(63, '02300')]
2018-07-08 09:52:54,245 :: INFO :: begin to init the program with configuration file
2018-07-08 09:52:54,266 :: INFO :: get the email configuration succeed
2018-07-08 09:52:54,266 :: INFO :: etat init
2018-07-08 09:52:54,270 :: INFO :: it going to update the etat to 0
2018-07-08 09:52:54,285 :: ERROR :: no results to fetch
2018-07-08 09:52:54,285 :: ERROR :: can't update the etat on the database
2018-07-08 09:52:54,285 :: INFO :: try to connect to the database in order to get all the code postals
2018-07-08 09:52:54,299 :: INFO :: connection succeed
2018-07-08 09:52:54,300 :: INFO :: try to select code postals and sites from database
2018-07-08 09:52:54,301 :: INFO :: selection of code postal and sites from database succeed
2018-07-08 09:52:54,341 :: INFO :: begin to lance the thread
2018-07-08 09:52:54,350 :: INFO :: Begin to collect the price from http://www.carrefour.fr/services/fioul-domestique/
2018-07-08 09:52:54,350 :: INFO :: site:http://www.carrefour.fr/services/fioul-domestique/ 
 code postal obligatoire:[] 
 code postal essay:[(5, '16000'), (8, '16100'), (37, '76200'), (38, '80350'), (44, '81100'), (60, '02500')]
2018-07-08 09:52:54,352 :: INFO :: Begin to collect the price from https://www.fioulreduc.com/
2018-07-08 09:52:54,352 :: INFO :: site:https://www.fioulreduc.com/ 
 code postal obligatoire:[] 
 code postal essay:[(63, '02300')]
2018-07-08 09:52:54,356 :: INFO :: Begin to collect the price from https://www.fioulmarket.fr/
2018-07-08 09:52:54,356 :: INFO :: site:https://www.fioulmarket.fr/ 
 code postal obligatoire:[] 
 code postal essay:[(64, '62100\r\n')]
2018-07-08 09:53:09,177 :: INFO :: begin to init the program with configuration file
2018-07-08 09:53:09,194 :: INFO :: get the email configuration succeed
2018-07-08 09:53:09,194 :: INFO :: etat init
2018-07-08 09:53:09,209 :: INFO :: it going to update the etat to 0
2018-07-08 09:53:09,226 :: ERROR :: no results to fetch
2018-07-08 09:53:09,226 :: ERROR :: can't update the etat on the database
2018-07-08 09:53:09,227 :: INFO :: try to connect to the database in order to get all the code postals
2018-07-08 09:53:09,239 :: INFO :: connection succeed
2018-07-08 09:53:09,239 :: INFO :: try to select code postals and sites from database
2018-07-08 09:53:09,242 :: INFO :: selection of code postal and sites from database succeed
2018-07-08 09:53:09,242 :: INFO :: begin to lance the thread
2018-07-08 09:53:09,260 :: INFO :: Begin to collect the price from https://www.fioulmarket.fr/
2018-07-08 09:53:09,261 :: INFO :: site:https://www.fioulmarket.fr/ 
 code postal obligatoire:[] 
 code postal essay:[(64, '62100\r\n')]
2018-07-08 09:53:09,262 :: INFO :: Begin to collect the price from http://www.carrefour.fr/services/fioul-domestique/
2018-07-08 09:53:09,263 :: INFO :: site:http://www.carrefour.fr/services/fioul-domestique/ 
 code postal obligatoire:[] 
 code postal essay:[(5, '16000'), (8, '16100'), (37, '76200'), (38, '80350'), (44, '81100'), (60, '02500')]
2018-07-08 09:53:09,266 :: INFO :: Begin to collect the price from https://www.fioulreduc.com/
2018-07-08 09:53:09,266 :: INFO :: site:https://www.fioulreduc.com/ 
 code postal obligatoire:[] 
 code postal essay:[(63, '02300')]
2018-07-08 09:53:18,931 :: INFO :: begin to init the program with configuration file
2018-07-08 09:53:18,937 :: INFO :: get the email configuration succeed
2018-07-08 09:53:18,937 :: INFO :: etat init
2018-07-08 09:53:22,357 :: INFO :: begin to init the program with configuration file
2018-07-08 09:53:22,362 :: INFO :: get the email configuration succeed
2018-07-08 09:53:22,362 :: INFO :: etat init
2018-07-08 09:53:29,771 :: INFO :: it going to update the etat to 0
2018-07-08 09:53:29,788 :: ERROR :: no results to fetch
2018-07-08 09:53:29,788 :: ERROR :: can't update the etat on the database
2018-07-08 09:53:52,801 :: INFO :: begin to init the program with configuration file
2018-07-08 09:53:52,818 :: INFO :: get the email configuration succeed
2018-07-08 09:53:52,819 :: INFO :: etat init
2018-07-08 09:54:21,171 :: INFO :: it going to update the etat to 0
2018-07-08 09:56:47,768 :: ERROR :: no results to fetch
2018-07-08 09:56:47,768 :: ERROR :: can't update the etat on the database
2018-07-08 09:56:47,769 :: INFO :: try to connect to the database in order to get all the code postals
2018-07-08 09:56:47,781 :: INFO :: connection succeed
2018-07-08 09:56:47,782 :: INFO :: try to select code postals and sites from database
2018-07-08 09:56:47,784 :: INFO :: selection of code postal and sites from database succeed
2018-07-08 09:56:47,784 :: INFO :: begin to lance the thread
2018-07-08 09:56:47,832 :: INFO :: Begin to collect the price from https://www.fioulmarket.fr/
2018-07-08 09:56:47,833 :: INFO :: site:https://www.fioulmarket.fr/ 
 code postal obligatoire:[] 
 code postal essay:[(64, '62100\r\n')]
2018-07-08 09:56:47,837 :: INFO :: Begin to collect the price from https://www.fioulreduc.com/
2018-07-08 09:56:47,837 :: INFO :: site:https://www.fioulreduc.com/ 
 code postal obligatoire:[] 
 code postal essay:[(63, '02300')]
2018-07-08 09:56:47,840 :: INFO :: Begin to collect the price from http://www.carrefour.fr/services/fioul-domestique/
2018-07-08 09:56:47,840 :: INFO :: site:http://www.carrefour.fr/services/fioul-domestique/ 
 code postal obligatoire:[] 
 code postal essay:[(5, '16000'), (8, '16100'), (37, '76200'), (38, '80350'), (44, '81100'), (60, '02500')]
2018-07-08 09:56:52,136 :: INFO :: begin to init the program with configuration file
2018-07-08 09:56:52,151 :: INFO :: get the email configuration succeed
2018-07-08 09:56:52,151 :: INFO :: etat init
2018-07-08 09:56:57,912 :: INFO :: it going to update the etat to 0
2018-07-08 09:56:57,930 :: INFO :: etat set succeed
2018-07-08 09:57:00,864 :: INFO :: try to connect to the database in order to get all the code postals
