2018-07-09 13:58:40,527 :: INFO :: begin to init the program with configuration file
2018-07-09 13:58:40,685 :: INFO :: get the email configuration succeed
2018-07-09 13:58:40,685 :: INFO :: etat init
2018-07-09 13:58:40,716 :: INFO :: try to insert a new etat into the datebase
2018-07-09 13:58:40,718 :: INFO :: etat init succeed
2018-07-09 13:58:40,718 :: INFO :: try to connect to the database in order to get all the code postals
2018-07-09 13:58:40,739 :: INFO :: connection succeed
2018-07-09 13:58:40,739 :: INFO :: try to select code postals and sites from database
2018-07-09 13:58:40,741 :: INFO :: selection of code postal and sites from database succeed
2018-07-09 13:58:40,742 :: INFO :: begin to lance the thread
2018-07-09 13:58:40,756 :: INFO :: Begin to collect the price from https://www.fioulmarket.fr/
2018-07-09 13:58:40,757 :: INFO :: site:https://www.fioulmarket.fr/ 
 code postal obligatoire:[(4, '76290'), (5, '16000'), (6, '33150'), (7, '33270'), (8, '16100'), (9, '24000'), (10, '62200'), (11, '59140'), (12, '62500'), (13, '69300'), (14, '69130'), (15, '71000'), (16, '69230'), (21, '91220'), (22, '95000'), (23, '92260'), (24, '78200'), (25, '78310'), (26, '77000'), (27, '91230'), (28, '93330'), (29, '95520'), (30, '78370'), (31, '95230'), (32, '95150'), (33, '77100'), (34, '78140'), (35, '91140'), (36, '13400'), (37, '76200'), (38, '80350'), (39, '84300'), (40, '84130'), (41, '84000'), (42, '72000'), (43, '74000'), (44, '81100'), (45, '37170'), (46, '37540'), (47, '37000'), (48, '62000'), (49, '62400'), (50, '59500'), (51, '59320'), (52, '59220'), (53, '59115'), (54, '62950'), (55, '59223'), (56, '59650'), (58, '59300'), (59, '59400'), (61, '59720'), (63, '02300'), (62, '02100'), (60, '02500'), (1, '06400'), (2, '26000'), (18, '41000'), (19, '45160'), (20, '45140'), (57, '59000'), (3, '76000'), (17, '69330')] 
 code postal essay:[(64, '62100\r\n')]
2018-07-09 13:58:40,759 :: INFO :: Begin to collect the price from https://www.fioulreduc.com/
2018-07-09 13:58:40,760 :: INFO :: site:https://www.fioulreduc.com/ 
 code postal obligatoire:[(4, '76290'), (5, '16000'), (6, '33150'), (7, '33270'), (8, '16100'), (9, '24000'), (10, '62200'), (11, '59140'), (12, '62500'), (13, '69300'), (14, '69130'), (15, '71000'), (16, '69230'), (21, '91220'), (22, '95000'), (23, '92260'), (24, '78200'), (25, '78310'), (26, '77000'), (27, '91230'), (28, '93330'), (29, '95520'), (30, '78370'), (31, '95230'), (32, '95150'), (33, '77100'), (34, '78140'), (35, '91140'), (36, '13400'), (37, '76200'), (38, '80350'), (39, '84300'), (40, '84130'), (41, '84000'), (42, '72000'), (43, '74000'), (44, '81100'), (45, '37170'), (46, '37540'), (47, '37000'), (48, '62000'), (49, '62400'), (50, '59500'), (51, '59320'), (52, '59220'), (53, '59115'), (54, '62950'), (55, '59223'), (56, '59650'), (58, '59300'), (59, '59400'), (61, '59720'), (62, '02100'), (60, '02500'), (1, '06400'), (2, '26000'), (18, '41000'), (19, '45160'), (20, '45140'), (57, '59000'), (3, '76000'), (17, '69330')] 
 code postal essay:[(63, '02300'), (64, '62100\r\n')]
2018-07-09 13:58:40,761 :: INFO :: Begin to collect the price from http://www.carrefour.fr/services/fioul-domestique/
2018-07-09 13:58:40,761 :: INFO :: site:http://www.carrefour.fr/services/fioul-domestique/ 
 code postal obligatoire:[(4, '76290'), (6, '33150'), (7, '33270'), (9, '24000'), (10, '62200'), (11, '59140'), (12, '62500'), (13, '69300'), (14, '69130'), (15, '71000'), (16, '69230'), (21, '91220'), (22, '95000'), (23, '92260'), (24, '78200'), (25, '78310'), (26, '77000'), (27, '91230'), (28, '93330'), (29, '95520'), (30, '78370'), (31, '95230'), (32, '95150'), (33, '77100'), (34, '78140'), (35, '91140'), (36, '13400'), (39, '84300'), (40, '84130'), (41, '84000'), (42, '72000'), (43, '74000'), (45, '37170'), (46, '37540'), (47, '37000'), (48, '62000'), (49, '62400'), (50, '59500'), (51, '59320'), (52, '59220'), (53, '59115'), (54, '62950'), (55, '59223'), (56, '59650'), (58, '59300'), (59, '59400'), (61, '59720'), (63, '02300'), (62, '02100'), (1, '06400'), (2, '26000'), (18, '41000'), (19, '45160'), (20, '45140'), (57, '59000'), (3, '76000'), (17, '69330')] 
 code postal essay:[(5, '16000'), (8, '16100'), (37, '76200'), (38, '80350'), (44, '81100'), (60, '02500'), (64, '62100\r\n')]
2018-07-09 13:58:59,733 :: INFO :: try/retry to open the site:http://www.carrefour.fr/services/fioul-domestique/
2018-07-09 13:59:01,530 :: INFO :: try/retry to open the site:https://www.fioulmarket.fr/
2018-07-09 13:59:03,500 :: INFO :: try/retry to open the site:https://www.fioulreduc.com/
2018-07-09 13:59:03,870 :: INFO :: succeed in opening this site:https://www.fioulmarket.fr/
2018-07-09 13:59:05,407 :: INFO :: succeed in opening this site:http://www.carrefour.fr/services/fioul-domestique/
2018-07-09 13:59:06,433 :: INFO :: succeed in opening this site:https://www.fioulreduc.com/
2018-07-09 13:59:07,442 :: INFO :: Message: 

2018-07-09 13:59:07,442 :: INFO :: site: http://www.carrefour.fr/services/fioul-domestique/ 
 info:The site's pub doesn't appear16000 
2018-07-09 13:59:09,538 :: INFO :: Message: 

2018-07-09 13:59:09,538 :: INFO :: site: http://www.carrefour.fr/services/fioul-domestique/ 
 info: The cookie request doesn't appear 
 code postal:16000 
2018-07-09 13:59:12,175 :: WARNING :: site: https://www.fioulreduc.com/ 
 info: can't locate the options of livraison.possibility:
 1.the site don't supply for this code postal 
 2.the site don't allow chose the type of livraison temporary
 code postal:02300 
2018-07-09 13:59:12,175 :: INFO :: site: https://www.fioulreduc.com/ 
 info: try to locate close button 
 code postal:02300 
2018-07-09 13:59:12,183 :: INFO :: located the close button
2018-07-09 13:59:12,406 :: INFO :: site: https://www.fioulreduc.com/ 
 info:the site don't supply for this code postal temporary 
 code postal:02300 
2018-07-09 13:59:14,896 :: INFO :: Message: 

2018-07-09 13:59:14,896 :: INFO :: site: http://www.carrefour.fr/services/fioul-domestique/ 
 error: can't load price element 
 code postal:16000 
2018-07-09 13:59:16,041 :: ERROR :: Message: 

2018-07-09 13:59:16,041 :: ERROR :: site: https://www.fioulmarket.fr/ 
 error: can't load livraison element 
 code postal:62100
 
2018-07-09 13:59:17,256 :: INFO :: site: https://www.fioulreduc.com/ 
 info:succeed in collecting the price  
 code postal:62100
 
 price:905
2018-07-09 13:59:19,451 :: INFO :: going to add some new code postal to the sitehttps://www.fioulreduc.com/
2018-07-09 13:59:19,468 :: INFO :: site:https://www.fioulreduc.com/ 
 info:going to insert date into prix table 
2018-07-09 13:59:19,485 :: INFO :: site:https://www.fioulreduc.com/ 
 info:succeed in inserting the data into the price table 
2018-07-09 13:59:20,890 :: INFO :: Message: 

2018-07-09 13:59:20,890 :: INFO :: site: http://www.carrefour.fr/services/fioul-domestique/ 
 error can't load price element 
 code postal:16100 
2018-07-09 13:59:27,521 :: INFO :: Message: 

2018-07-09 13:59:28,813 :: INFO :: site: http://www.carrefour.fr/services/fioul-domestique/ 
 error can't load price element 
 code postal:76200 
2018-07-09 13:59:32,652 :: INFO :: try/retry to open the site:https://www.fioulmarket.fr/
2018-07-09 13:59:34,763 :: INFO :: Message: 

2018-07-09 13:59:34,763 :: INFO :: site: http://www.carrefour.fr/services/fioul-domestique/ 
 error can't load price element 
 code postal:80350 
2018-07-09 13:59:34,802 :: INFO :: try/retry to open the site:https://www.fioulreduc.com/
2018-07-09 13:59:35,999 :: INFO :: succeed in opening this site:https://www.fioulmarket.fr/
2018-07-09 13:59:38,865 :: INFO :: succeed in opening this site:https://www.fioulreduc.com/
2018-07-09 13:59:40,711 :: INFO :: Message: 

2018-07-09 13:59:40,711 :: INFO :: site: http://www.carrefour.fr/services/fioul-domestique/ 
 error can't load price element 
 code postal:81100 
2018-07-09 13:59:43,426 :: INFO :: site: https://www.fioulreduc.com/ 
 info:succeed in collecting the price  
 code postal:76290 
 price:927
2018-07-09 13:59:46,591 :: INFO :: Message: 

2018-07-09 13:59:46,591 :: INFO :: site: http://www.carrefour.fr/services/fioul-domestique/ 
 error can't load price element 
 code postal:02500 
2018-07-09 13:59:47,493 :: INFO :: site: https://www.fioulmarket.fr/
 code postal:76290
 prix:948 
2018-07-09 13:59:47,764 :: INFO :: site: https://www.fioulreduc.com/ 
 info:succeed in collecting the price  
 code postal:16000 
 price:934
2018-07-09 13:59:52,407 :: INFO :: site: https://www.fioulreduc.com/ 
 info:succeed in collecting the price  
 code postal:33150 
 price:902
2018-07-09 13:59:52,491 :: INFO :: Message: 

2018-07-09 13:59:52,491 :: INFO :: site: http://www.carrefour.fr/services/fioul-domestique/ 
 error can't load price element 
 code postal:62100
 
2018-07-09 13:59:56,453 :: INFO :: site: https://www.fioulreduc.com/ 
 info:succeed in collecting the price  
 code postal:33270 
 price:902
2018-07-09 13:59:58,866 :: INFO :: site: https://www.fioulmarket.fr/
 code postal:16000
 prix:957 
2018-07-09 14:00:00,380 :: INFO :: site: https://www.fioulreduc.com/ 
 info:succeed in collecting the price  
 code postal:16100 
 price:934
2018-07-09 14:00:05,696 :: INFO :: site: https://www.fioulreduc.com/ 
 info:succeed in collecting the price  
 code postal:24000 
 price:935
2018-07-09 14:00:09,907 :: INFO :: site: https://www.fioulreduc.com/ 
 info:succeed in collecting the price  
 code postal:62200 
 price:905
2018-07-09 14:00:10,131 :: INFO :: try/retry to open the site:http://www.carrefour.fr/services/fioul-domestique/
2018-07-09 14:00:12,210 :: INFO :: site: https://www.fioulmarket.fr/
 code postal:33150
 prix:926 
2018-07-09 14:00:13,803 :: INFO :: site: https://www.fioulreduc.com/ 
 info:succeed in collecting the price  
 code postal:59140 
 price:917
2018-07-09 14:00:14,371 :: INFO :: succeed in opening this site:http://www.carrefour.fr/services/fioul-domestique/
2018-07-09 14:00:16,406 :: INFO :: Message: 

2018-07-09 14:00:16,406 :: INFO :: site: http://www.carrefour.fr/services/fioul-domestique/ 
 info:The site's pub doesn't appear76290 
2018-07-09 14:00:18,134 :: INFO :: site: https://www.fioulreduc.com/ 
 info:succeed in collecting the price  
 code postal:62500 
 price:918
2018-07-09 14:00:18,543 :: INFO :: Message: 

2018-07-09 14:00:18,544 :: INFO :: site: http://www.carrefour.fr/services/fioul-domestique/ 
 info: The cookie request doesn't appear 
 code postal:76290 
2018-07-09 14:00:22,090 :: INFO :: site: https://www.fioulreduc.com/ 
 info:succeed in collecting the price  
 code postal:69300 
 price:904
2018-07-09 14:00:23,908 :: ERROR :: Message: 

2018-07-09 14:00:23,908 :: ERROR :: site: http://www.carrefour.fr/services/fioul-domestique/ 
 error: can't load price element 
 code postal:76290 
2018-07-09 14:00:24,221 :: INFO :: site: https://www.fioulmarket.fr/
 code postal:33270
 prix:926 
2018-07-09 14:00:26,502 :: INFO :: site: https://www.fioulreduc.com/ 
 info:succeed in collecting the price  
 code postal:69130 
 price:893
2018-07-09 14:00:29,872 :: ERROR :: Message: 

2018-07-09 14:00:29,872 :: ERROR :: site: http://www.carrefour.fr/services/fioul-domestique/ 
 error can't load price element 
 code postal:33150 
2018-07-09 14:00:30,459 :: INFO :: site: https://www.fioulreduc.com/ 
 info:succeed in collecting the price  
 code postal:71000 
 price:939
2018-07-09 14:00:34,590 :: INFO :: site: https://www.fioulreduc.com/ 
 info:succeed in collecting the price  
 code postal:69230 
 price:904
2018-07-09 14:00:35,407 :: ERROR :: Message: 

2018-07-09 14:00:35,407 :: ERROR :: site: http://www.carrefour.fr/services/fioul-domestique/ 
 error: can't load window close element 
 code postal:33270 
2018-07-09 14:00:35,773 :: INFO :: site: https://www.fioulmarket.fr/
 code postal:16100
 prix:957 
2018-07-09 14:00:38,417 :: INFO :: site: https://www.fioulreduc.com/ 
 info:succeed in collecting the price  
 code postal:91220 
 price:907
2018-07-09 14:00:42,448 :: INFO :: site: https://www.fioulreduc.com/ 
 info:succeed in collecting the price  
 code postal:95000 
 price:910
2018-07-09 14:00:45,460 :: ERROR :: Message: 

2018-07-09 14:00:45,460 :: ERROR :: site: http://www.carrefour.fr/services/fioul-domestique/ 
 error can't load price element 
 code postal:33270 
2018-07-09 14:00:46,311 :: INFO :: site: https://www.fioulreduc.com/ 
 info:succeed in collecting the price  
 code postal:92260 
 price:907
2018-07-09 14:00:47,954 :: INFO :: site: https://www.fioulmarket.fr/
 code postal:24000
 prix:962 
2018-07-09 14:00:50,947 :: ERROR :: Message: 

2018-07-09 14:00:50,947 :: ERROR :: site: http://www.carrefour.fr/services/fioul-domestique/ 
 error: can't load window close element 
 code postal:24000 
2018-07-09 14:00:50,961 :: INFO :: site: https://www.fioulreduc.com/ 
 info:succeed in collecting the price  
 code postal:78200 
 price:900
2018-07-09 14:00:56,519 :: INFO :: site: https://www.fioulreduc.com/ 
 info:succeed in collecting the price  
 code postal:78310 
 price:907
2018-07-09 14:00:59,676 :: INFO :: site: https://www.fioulmarket.fr/
 code postal:62200
 prix:923 
2018-07-09 14:00:59,820 :: ERROR :: Message: 

2018-07-09 14:00:59,820 :: ERROR :: site: http://www.carrefour.fr/services/fioul-domestique/ 
 error can't load price element 
 code postal:24000 
2018-07-09 14:01:00,578 :: INFO :: site: https://www.fioulreduc.com/ 
 info:succeed in collecting the price  
 code postal:77000 
 price:910
2018-07-09 14:01:05,016 :: ERROR :: Message: 

2018-07-09 14:01:05,016 :: ERROR :: site: http://www.carrefour.fr/services/fioul-domestique/ 
 error: can't load window close element 
 code postal:62200 
2018-07-09 14:01:05,738 :: INFO :: site: https://www.fioulreduc.com/ 
 info:succeed in collecting the price  
 code postal:91230 
 price:907
2018-07-09 14:01:11,373 :: INFO :: site: https://www.fioulreduc.com/ 
 info:succeed in collecting the price  
 code postal:93330 
 price:907
2018-07-09 14:01:11,717 :: INFO :: site: https://www.fioulmarket.fr/
 code postal:59140
 prix:940 
2018-07-09 14:01:14,907 :: ERROR :: Message: 

2018-07-09 14:01:14,907 :: ERROR :: site: http://www.carrefour.fr/services/fioul-domestique/ 
 error can't load price element 
 code postal:62200 
2018-07-09 14:01:15,317 :: INFO :: site: https://www.fioulreduc.com/ 
 info:succeed in collecting the price  
 code postal:95520 
 price:910
2018-07-09 14:01:19,682 :: INFO :: site: https://www.fioulreduc.com/ 
 info:succeed in collecting the price  
 code postal:78370 
 price:907
2018-07-09 14:01:21,327 :: ERROR :: Message: 

2018-07-09 14:01:21,327 :: ERROR :: site: http://www.carrefour.fr/services/fioul-domestique/ 
 error: can't load window close element 
 code postal:59140 
2018-07-09 14:01:23,108 :: INFO :: site: https://www.fioulmarket.fr/
 code postal:62500
 prix:931 
2018-07-09 14:01:23,507 :: INFO :: site: https://www.fioulreduc.com/ 
 info:succeed in collecting the price  
 code postal:95230 
 price:910
2018-07-09 14:01:27,666 :: INFO :: site: https://www.fioulreduc.com/ 
 info:succeed in collecting the price  
 code postal:95150 
 price:910
2018-07-09 14:01:29,770 :: ERROR :: Message: 

2018-07-09 14:01:29,770 :: ERROR :: site: http://www.carrefour.fr/services/fioul-domestique/ 
 error can't load price element 
 code postal:59140 
2018-07-09 14:01:31,575 :: INFO :: site: https://www.fioulreduc.com/ 
 info:succeed in collecting the price  
 code postal:77100 
 price:910
2018-07-09 14:01:34,017 :: INFO :: site: https://www.fioulmarket.fr/
 code postal:69300
 prix:916 
2018-07-09 14:01:34,991 :: ERROR :: Message: 

2018-07-09 14:01:34,991 :: ERROR :: site: http://www.carrefour.fr/services/fioul-domestique/ 
 error: can't load window close element 
 code postal:62500 
2018-07-09 14:01:35,812 :: INFO :: site: https://www.fioulreduc.com/ 
 info:succeed in collecting the price  
 code postal:78140 
 price:907
2018-07-09 14:01:40,098 :: INFO :: site: https://www.fioulreduc.com/ 
 info:succeed in collecting the price  
 code postal:91140 
 price:907
2018-07-09 14:01:44,570 :: INFO :: site: https://www.fioulreduc.com/ 
 info:succeed in collecting the price  
 code postal:13400 
 price:895
2018-07-09 14:01:45,274 :: ERROR :: Message: 

2018-07-09 14:01:45,274 :: ERROR :: site: http://www.carrefour.fr/services/fioul-domestique/ 
 error can't load price element 
 code postal:62500 
2018-07-09 14:01:45,500 :: INFO :: site: https://www.fioulmarket.fr/
 code postal:69130
 prix:916 
2018-07-09 14:01:48,717 :: INFO :: site: https://www.fioulreduc.com/ 
 info:succeed in collecting the price  
 code postal:76200 
 price:924
2018-07-09 14:01:50,089 :: ERROR :: Message: 

2018-07-09 14:01:50,089 :: ERROR :: site: http://www.carrefour.fr/services/fioul-domestique/ 
 error: can't load window close element 
 code postal:69300 
2018-07-09 14:01:55,404 :: INFO :: site: https://www.fioulreduc.com/ 
 info:succeed in collecting the price  
 code postal:80350 
 price:951
2018-07-09 14:01:57,952 :: INFO :: site: https://www.fioulmarket.fr/
 code postal:71000
 prix:953 
2018-07-09 14:02:01,795 :: INFO :: site: https://www.fioulreduc.com/ 
 info:succeed in collecting the price  
 code postal:84300 
 price:905
2018-07-09 14:02:07,751 :: INFO :: site: https://www.fioulreduc.com/ 
 info:succeed in collecting the price  
 code postal:84130 
 price:905
2018-07-09 14:02:08,697 :: INFO :: site: https://www.fioulmarket.fr/
 code postal:69230
 prix:916 
2018-07-09 14:02:13,759 :: INFO :: site: https://www.fioulreduc.com/ 
 info:succeed in collecting the price  
 code postal:84000 
 price:905
2018-07-09 14:02:19,687 :: INFO :: site: https://www.fioulreduc.com/ 
 info:succeed in collecting the price  
 code postal:72000 
 price:899
2018-07-09 14:02:20,059 :: INFO :: site: https://www.fioulmarket.fr/
 code postal:91220
 prix:915 
2018-07-09 14:02:25,636 :: INFO :: site: https://www.fioulreduc.com/ 
 info:succeed in collecting the price  
 code postal:74000 
 price:899
2018-07-09 14:02:28,923 :: ERROR :: Message: 

2018-07-09 14:02:28,923 :: ERROR :: site: http://www.carrefour.fr/services/fioul-domestique/ 
 error can't load price element 
 code postal:69300 
2018-07-09 14:02:31,428 :: INFO :: site: https://www.fioulreduc.com/ 
 info:succeed in collecting the price  
 code postal:81100 
 price:966
2018-07-09 14:02:32,361 :: ERROR :: Message: 

2018-07-09 14:02:32,361 :: ERROR :: site: http://www.carrefour.fr/services/fioul-domestique/ 
 error: can't load window close element 
 code postal:69130 
2018-07-09 14:02:35,299 :: INFO :: site: https://www.fioulmarket.fr/
 code postal:95000
 prix:928 
2018-07-09 14:02:37,725 :: INFO :: site: https://www.fioulreduc.com/ 
 info:succeed in collecting the price  
 code postal:37170 
 price:912
2018-07-09 14:02:39,930 :: ERROR :: Message: 

2018-07-09 14:02:39,930 :: ERROR :: site: http://www.carrefour.fr/services/fioul-domestique/ 
 error can't load price element 
 code postal:69130 
2018-07-09 14:02:43,299 :: ERROR :: Message: 

2018-07-09 14:02:43,299 :: ERROR :: site: http://www.carrefour.fr/services/fioul-domestique/ 
 error: can't load window close element 
 code postal:71000 
2018-07-09 14:02:43,951 :: INFO :: site: https://www.fioulreduc.com/ 
 info:succeed in collecting the price  
 code postal:37540 
 price:899
2018-07-09 14:02:48,158 :: INFO :: site: https://www.fioulmarket.fr/
 code postal:92260
 prix:915 
2018-07-09 14:02:49,947 :: INFO :: site: https://www.fioulreduc.com/ 
 info:succeed in collecting the price  
 code postal:37000 
 price:899
2018-07-09 14:02:50,642 :: ERROR :: Message: 

2018-07-09 14:02:50,643 :: ERROR :: site: http://www.carrefour.fr/services/fioul-domestique/ 
 error can't load price element 
 code postal:71000 
2018-07-09 14:02:54,346 :: ERROR :: Message: 

2018-07-09 14:02:54,347 :: ERROR :: site: http://www.carrefour.fr/services/fioul-domestique/ 
 error: can't load window close element 
 code postal:69230 
2018-07-09 14:02:56,328 :: INFO :: site: https://www.fioulreduc.com/ 
 info:succeed in collecting the price  
 code postal:62000 
 price:899
2018-07-09 14:02:59,389 :: INFO :: site: https://www.fioulmarket.fr/
 code postal:78200
 prix:917 
2018-07-09 14:03:01,315 :: ERROR :: Message: 

2018-07-09 14:03:01,315 :: ERROR :: site: http://www.carrefour.fr/services/fioul-domestique/ 
 error can't load price element 
 code postal:69230 
2018-07-09 14:03:02,315 :: INFO :: site: https://www.fioulreduc.com/ 
 info:succeed in collecting the price  
 code postal:62400 
 price:899
2018-07-09 14:03:05,165 :: ERROR :: Message: 

2018-07-09 14:03:05,165 :: ERROR :: site: http://www.carrefour.fr/services/fioul-domestique/ 
 error: can't load window close element 
 code postal:91220 
2018-07-09 14:03:10,484 :: INFO :: site: https://www.fioulreduc.com/ 
 info:succeed in collecting the price  
 code postal:59500 
 price:928
2018-07-09 14:03:10,940 :: INFO :: site: https://www.fioulmarket.fr/
 code postal:78310
 prix:915 
2018-07-09 14:03:12,441 :: ERROR :: Message: 

2018-07-09 14:03:12,441 :: ERROR :: site: http://www.carrefour.fr/services/fioul-domestique/ 
 error can't load price element 
 code postal:91220 
2018-07-09 14:03:16,533 :: INFO :: site: https://www.fioulreduc.com/ 
 info:succeed in collecting the price  
 code postal:59320 
 price:926
2018-07-09 14:03:16,576 :: ERROR :: Message: 

2018-07-09 14:03:16,576 :: ERROR :: site: http://www.carrefour.fr/services/fioul-domestique/ 
 error: can't load window close element 
 code postal:95000 
2018-07-09 14:03:22,555 :: INFO :: site: https://www.fioulreduc.com/ 
 info:succeed in collecting the price  
 code postal:59220 
 price:916
2018-07-09 14:03:23,173 :: INFO :: site: https://www.fioulmarket.fr/
 code postal:77000
 prix:939 
2018-07-09 14:03:23,594 :: ERROR :: Message: 

2018-07-09 14:03:23,594 :: ERROR :: site: http://www.carrefour.fr/services/fioul-domestique/ 
 error can't load price element 
 code postal:95000 
2018-07-09 14:03:27,077 :: ERROR :: Message: 

2018-07-09 14:03:27,077 :: ERROR :: site: http://www.carrefour.fr/services/fioul-domestique/ 
 error: can't load window close element 
 code postal:92260 
2018-07-09 14:03:28,723 :: INFO :: site: https://www.fioulreduc.com/ 
 info:succeed in collecting the price  
 code postal:59115 
 price:926
2018-07-09 14:03:34,304 :: ERROR :: Message: 

2018-07-09 14:03:34,304 :: ERROR :: site: http://www.carrefour.fr/services/fioul-domestique/ 
 error can't load price element 
 code postal:92260 
2018-07-09 14:03:34,685 :: INFO :: site: https://www.fioulmarket.fr/
 code postal:91230
 prix:915 
2018-07-09 14:03:34,747 :: INFO :: site: https://www.fioulreduc.com/ 
 info:succeed in collecting the price  
 code postal:62950 
 price:926
2018-07-09 14:03:37,685 :: ERROR :: Message: 

2018-07-09 14:03:37,685 :: ERROR :: site: http://www.carrefour.fr/services/fioul-domestique/ 
 error: can't load window close element 
 code postal:78200 
2018-07-09 14:03:41,237 :: INFO :: site: https://www.fioulreduc.com/ 
 info:succeed in collecting the price  
 code postal:59223 
 price:926
2018-07-09 14:03:45,084 :: ERROR :: Message: 

2018-07-09 14:03:45,084 :: ERROR :: site: http://www.carrefour.fr/services/fioul-domestique/ 
 error can't load price element 
 code postal:78200 
2018-07-09 14:03:46,587 :: INFO :: site: https://www.fioulmarket.fr/
 code postal:93330
 prix:920 
2018-07-09 14:03:47,163 :: INFO :: site: https://www.fioulreduc.com/ 
 info:succeed in collecting the price  
 code postal:59650 
 price:926
2018-07-09 14:03:49,022 :: ERROR :: Message: 

2018-07-09 14:03:49,022 :: ERROR :: site: http://www.carrefour.fr/services/fioul-domestique/ 
 error: can't load window close element 
 code postal:78310 
2018-07-09 14:03:53,732 :: INFO :: site: https://www.fioulreduc.com/ 
 info:succeed in collecting the price  
 code postal:59300 
 price:916
2018-07-09 14:03:56,411 :: ERROR :: Message: 

2018-07-09 14:03:56,411 :: ERROR :: site: http://www.carrefour.fr/services/fioul-domestique/ 
 error can't load price element 
 code postal:78310 
2018-07-09 14:03:58,001 :: INFO :: site: https://www.fioulmarket.fr/
 code postal:95520
 prix:928 
2018-07-09 14:03:59,669 :: INFO :: site: https://www.fioulreduc.com/ 
 info:succeed in collecting the price  
 code postal:59400 
 price:928
2018-07-09 14:03:59,850 :: ERROR :: Message: 

2018-07-09 14:03:59,850 :: ERROR :: site: http://www.carrefour.fr/services/fioul-domestique/ 
 error: can't load window close element 
 code postal:77000 
2018-07-09 14:04:06,440 :: INFO :: site: https://www.fioulreduc.com/ 
 info:succeed in collecting the price  
 code postal:59720 
 price:916
2018-07-09 14:04:07,708 :: ERROR :: Message: 

2018-07-09 14:04:07,708 :: ERROR :: site: http://www.carrefour.fr/services/fioul-domestique/ 
 error can't load price element 
 code postal:77000 
2018-07-09 14:04:09,893 :: INFO :: site: https://www.fioulmarket.fr/
 code postal:78370
 prix:915 
2018-07-09 14:04:11,310 :: ERROR :: Message: 

2018-07-09 14:04:11,310 :: ERROR :: site: http://www.carrefour.fr/services/fioul-domestique/ 
 error: can't load window close element 
 code postal:91230 
2018-07-09 14:04:12,657 :: INFO :: site: https://www.fioulreduc.com/ 
 info:succeed in collecting the price  
 code postal:02100 
 price:896
2018-07-09 14:04:18,475 :: ERROR :: Message: 

2018-07-09 14:04:18,475 :: ERROR :: site: http://www.carrefour.fr/services/fioul-domestique/ 
 error can't load price element 
 code postal:91230 
2018-07-09 14:04:20,143 :: WARNING :: site: https://www.fioulreduc.com/ 
 info: can't locate the options of livraison.possibility:
 1.the site don't supply for this code postal 
 2.the site don't allow chose the type of livraison temporary
 code postal:02500 
2018-07-09 14:04:20,143 :: INFO :: site: https://www.fioulreduc.com/ 
 info: try to locate close button 
 code postal:02500 
2018-07-09 14:04:20,148 :: INFO :: Message: Unable to locate element: /html/body/div[3]/div[1]/button

2018-07-09 14:04:20,148 :: INFO :: site: https://www.fioulreduc.com/ 
 info:the site don't allow chose the type of livraison temporary 
 code postal:02500 
2018-07-09 14:04:21,757 :: INFO :: site: https://www.fioulmarket.fr/
 code postal:95230
 prix:936 
2018-07-09 14:04:21,820 :: ERROR :: Message: 

2018-07-09 14:04:21,820 :: ERROR :: site: http://www.carrefour.fr/services/fioul-domestique/ 
 error: can't load window close element 
 code postal:93330 
2018-07-09 14:04:24,039 :: INFO :: site: https://www.fioulreduc.com/ 
 info:succeed in collecting the price  
 code postal:02500 
 price:919
2018-07-09 14:04:30,140 :: INFO :: site: https://www.fioulreduc.com/ 
 info:succeed in collecting the price  
 code postal:06400 
 price:927
2018-07-09 14:04:32,790 :: INFO :: site: https://www.fioulmarket.fr/
 code postal:95150
 prix:936 
2018-07-09 14:04:33,820 :: INFO :: site: https://www.fioulreduc.com/ 
 info:succeed in collecting the price  
 code postal:26000 
 price:927
2018-07-09 14:04:37,840 :: INFO :: site: https://www.fioulreduc.com/ 
 info:succeed in collecting the price  
 code postal:41000 
 price:928
2018-07-09 14:04:41,479 :: INFO :: site: https://www.fioulreduc.com/ 
 info:succeed in collecting the price  
 code postal:45160 
 price:952
2018-07-09 14:04:45,481 :: INFO :: site: https://www.fioulreduc.com/ 
 info:succeed in collecting the price  
 code postal:45140 
 price:925
2018-07-09 14:04:47,922 :: INFO :: site: https://www.fioulmarket.fr/
 code postal:77100
 prix:939 
2018-07-09 14:04:49,128 :: INFO :: site: https://www.fioulreduc.com/ 
 info:succeed in collecting the price  
 code postal:59000 
 price:926
2018-07-09 14:04:53,190 :: INFO :: site: https://www.fioulreduc.com/ 
 info:succeed in collecting the price  
 code postal:76000 
 price:900
2018-07-09 14:04:56,913 :: INFO :: site: https://www.fioulreduc.com/ 
 info:succeed in collecting the price  
 code postal:69330 
 price:904
2018-07-09 14:04:58,816 :: INFO :: site: https://www.fioulreduc.com/ 
 info:one end of the cycle 

2018-07-09 14:04:58,838 :: INFO :: site:https://www.fioulreduc.com/ 
 info:going to insert date into prix table 
2018-07-09 14:04:58,947 :: INFO :: site:https://www.fioulreduc.com/ 
 info:succeed in inserting the data into the price table 
2018-07-09 14:04:58,948 :: INFO :: site: https://www.fioulreduc.com/ 
 info:end of the collection of price, collection succeed 

2018-07-09 14:04:59,069 :: INFO :: site: https://www.fioulmarket.fr/
 code postal:78140
 prix:915 
2018-07-09 14:05:00,363 :: ERROR :: Message: 

2018-07-09 14:05:00,363 :: ERROR :: site: http://www.carrefour.fr/services/fioul-domestique/ 
 error can't load price element 
 code postal:93330 
2018-07-09 14:05:04,111 :: ERROR :: Message: 

2018-07-09 14:05:04,111 :: ERROR :: site: http://www.carrefour.fr/services/fioul-domestique/ 
 error: can't load window close element 
 code postal:95520 
2018-07-09 14:05:10,991 :: ERROR :: Message: 

2018-07-09 14:05:10,991 :: ERROR :: site: http://www.carrefour.fr/services/fioul-domestique/ 
 error can't load price element 
 code postal:95520 
2018-07-09 14:05:11,679 :: INFO :: site: https://www.fioulmarket.fr/
 code postal:91140
 prix:915 
2018-07-09 14:05:14,575 :: ERROR :: Message: 

2018-07-09 14:05:14,575 :: ERROR :: site: http://www.carrefour.fr/services/fioul-domestique/ 
 error: can't load window close element 
 code postal:78370 
2018-07-09 14:05:22,074 :: ERROR :: Message: 

2018-07-09 14:05:22,074 :: ERROR :: site: http://www.carrefour.fr/services/fioul-domestique/ 
 error can't load price element 
 code postal:78370 
2018-07-09 14:05:24,169 :: INFO :: site: https://www.fioulmarket.fr/
 code postal:13400
 prix:914 
2018-07-09 14:05:25,562 :: ERROR :: Message: 

2018-07-09 14:05:25,562 :: ERROR :: site: http://www.carrefour.fr/services/fioul-domestique/ 
 error: can't load window close element 
 code postal:95230 
2018-07-09 14:05:33,013 :: ERROR :: Message: 

2018-07-09 14:05:33,013 :: ERROR :: site: http://www.carrefour.fr/services/fioul-domestique/ 
 error can't load price element 
 code postal:95230 
2018-07-09 14:05:35,017 :: INFO :: site: https://www.fioulmarket.fr/
 code postal:76200
 prix:937 
2018-07-09 14:05:36,522 :: ERROR :: Message: 

2018-07-09 14:05:36,522 :: ERROR :: site: http://www.carrefour.fr/services/fioul-domestique/ 
 error: can't load window close element 
 code postal:95150 
2018-07-09 14:05:43,917 :: ERROR :: Message: 

2018-07-09 14:05:43,917 :: ERROR :: site: http://www.carrefour.fr/services/fioul-domestique/ 
 error can't load price element 
 code postal:95150 
2018-07-09 14:05:46,424 :: INFO :: site: https://www.fioulmarket.fr/
 code postal:80350
 prix:938 
2018-07-09 14:05:47,294 :: ERROR :: Message: 

2018-07-09 14:05:47,294 :: ERROR :: site: http://www.carrefour.fr/services/fioul-domestique/ 
 error: can't load window close element 
 code postal:77100 
2018-07-09 14:05:54,195 :: ERROR :: Message: 

2018-07-09 14:05:54,196 :: ERROR :: site: http://www.carrefour.fr/services/fioul-domestique/ 
 error can't load price element 
 code postal:77100 
2018-07-09 14:05:57,676 :: ERROR :: Message: 

2018-07-09 14:05:57,676 :: ERROR :: site: http://www.carrefour.fr/services/fioul-domestique/ 
 error: can't load window close element 
 code postal:78140 
2018-07-09 14:05:57,738 :: INFO :: site: https://www.fioulmarket.fr/
 code postal:84300
 prix:933 
2018-07-09 14:06:04,951 :: ERROR :: Message: 

2018-07-09 14:06:04,951 :: ERROR :: site: http://www.carrefour.fr/services/fioul-domestique/ 
 error can't load price element 
 code postal:78140 
2018-07-09 14:06:08,619 :: ERROR :: Message: 

2018-07-09 14:06:08,619 :: ERROR :: site: http://www.carrefour.fr/services/fioul-domestique/ 
 error: can't load window close element 
 code postal:91140 
2018-07-09 14:06:09,190 :: INFO :: site: https://www.fioulmarket.fr/
 code postal:84130
 prix:933 
2018-07-09 14:06:15,853 :: ERROR :: Message: 

2018-07-09 14:06:15,853 :: ERROR :: site: http://www.carrefour.fr/services/fioul-domestique/ 
 error can't load price element 
 code postal:91140 
2018-07-09 14:06:19,336 :: ERROR :: Message: 

2018-07-09 14:06:19,336 :: ERROR :: site: http://www.carrefour.fr/services/fioul-domestique/ 
 error: can't load window close element 
 code postal:13400 
2018-07-09 14:06:20,571 :: INFO :: site: https://www.fioulmarket.fr/
 code postal:84000
 prix:933 
2018-07-09 14:06:26,487 :: ERROR :: Message: 

2018-07-09 14:06:26,487 :: ERROR :: site: http://www.carrefour.fr/services/fioul-domestique/ 
 error can't load price element 
 code postal:13400 
2018-07-09 14:06:29,977 :: ERROR :: Message: 

2018-07-09 14:06:29,977 :: ERROR :: site: http://www.carrefour.fr/services/fioul-domestique/ 
 error: can't load window close element 
 code postal:84300 
2018-07-09 14:06:31,429 :: INFO :: site: https://www.fioulmarket.fr/
 code postal:72000
 prix:882 
2018-07-09 14:06:37,246 :: ERROR :: Message: 

2018-07-09 14:06:37,246 :: ERROR :: site: http://www.carrefour.fr/services/fioul-domestique/ 
 error can't load price element 
 code postal:84300 
2018-07-09 14:06:40,532 :: ERROR :: Message: 

2018-07-09 14:06:40,532 :: ERROR :: site: http://www.carrefour.fr/services/fioul-domestique/ 
 error: can't load window close element 
 code postal:84130 
2018-07-09 14:06:42,409 :: INFO :: site: https://www.fioulmarket.fr/
 code postal:74000
 prix:922 
2018-07-09 14:06:47,603 :: ERROR :: Message: 

2018-07-09 14:06:47,603 :: ERROR :: site: http://www.carrefour.fr/services/fioul-domestique/ 
 error can't load price element 
 code postal:84130 
2018-07-09 14:06:50,924 :: ERROR :: Message: 

2018-07-09 14:06:50,924 :: ERROR :: site: http://www.carrefour.fr/services/fioul-domestique/ 
 error: can't load window close element 
 code postal:84000 
2018-07-09 14:06:53,479 :: INFO :: site: https://www.fioulmarket.fr/
 code postal:81100
 prix:956 
2018-07-09 14:06:58,517 :: ERROR :: Message: 

2018-07-09 14:06:58,518 :: ERROR :: site: http://www.carrefour.fr/services/fioul-domestique/ 
 error can't load price element 
 code postal:84000 
2018-07-09 14:07:02,092 :: ERROR :: Message: 

2018-07-09 14:07:02,092 :: ERROR :: site: http://www.carrefour.fr/services/fioul-domestique/ 
 error: can't load window close element 
 code postal:72000 
2018-07-09 14:07:04,954 :: INFO :: site: https://www.fioulmarket.fr/
 code postal:37170
 prix:930 
2018-07-09 14:07:09,236 :: ERROR :: Message: 

2018-07-09 14:07:09,236 :: ERROR :: site: http://www.carrefour.fr/services/fioul-domestique/ 
 error can't load price element 
 code postal:72000 
2018-07-09 14:07:12,487 :: ERROR :: Message: 

2018-07-09 14:07:12,487 :: ERROR :: site: http://www.carrefour.fr/services/fioul-domestique/ 
 error: can't load window close element 
 code postal:74000 
2018-07-09 14:07:16,292 :: INFO :: site: https://www.fioulmarket.fr/
 code postal:37540
 prix:912 
2018-07-09 14:07:20,882 :: ERROR :: Message: 

2018-07-09 14:07:20,882 :: ERROR :: site: http://www.carrefour.fr/services/fioul-domestique/ 
 error can't load price element 
 code postal:74000 
2018-07-09 14:07:24,725 :: ERROR :: Message: 

2018-07-09 14:07:24,725 :: ERROR :: site: http://www.carrefour.fr/services/fioul-domestique/ 
 error: can't load window close element 
 code postal:37170 
2018-07-09 14:07:27,328 :: INFO :: site: https://www.fioulmarket.fr/
 code postal:37000
 prix:912 
2018-07-09 14:07:31,959 :: ERROR :: Message: 

2018-07-09 14:07:31,960 :: ERROR :: site: http://www.carrefour.fr/services/fioul-domestique/ 
 error can't load price element 
 code postal:37170 
2018-07-09 14:07:35,428 :: ERROR :: Message: 

2018-07-09 14:07:35,428 :: ERROR :: site: http://www.carrefour.fr/services/fioul-domestique/ 
 error: can't load window close element 
 code postal:37540 
2018-07-09 14:07:38,331 :: INFO :: site: https://www.fioulmarket.fr/
 code postal:62000
 prix:932 
2018-07-09 14:07:42,653 :: ERROR :: Message: 

2018-07-09 14:07:42,653 :: ERROR :: site: http://www.carrefour.fr/services/fioul-domestique/ 
 error can't load price element 
 code postal:37540 
2018-07-09 14:07:47,325 :: ERROR :: Message: 

2018-07-09 14:07:47,325 :: ERROR :: site: http://www.carrefour.fr/services/fioul-domestique/ 
 error: can't load window close element 
 code postal:37000 
2018-07-09 14:07:49,604 :: INFO :: site: https://www.fioulmarket.fr/
 code postal:62400
 prix:918 
2018-07-09 14:08:00,907 :: INFO :: site: https://www.fioulmarket.fr/
 code postal:59500
 prix:932 
2018-07-09 14:08:11,909 :: INFO :: site: https://www.fioulmarket.fr/
 code postal:59320
 prix:939 
2018-07-09 14:08:23,266 :: INFO :: site: https://www.fioulmarket.fr/
 code postal:59220
 prix:937 
2018-07-09 14:08:34,571 :: INFO :: site: https://www.fioulmarket.fr/
 code postal:59115
 prix:939 
2018-07-09 14:08:45,556 :: ERROR :: Message: 

2018-07-09 14:08:45,556 :: ERROR :: site: http://www.carrefour.fr/services/fioul-domestique/ 
 error can't load price element 
 code postal:37000 
2018-07-09 14:08:46,555 :: INFO :: site: https://www.fioulmarket.fr/
 code postal:62950
 prix:932 
2018-07-09 14:08:50,858 :: ERROR :: Message: 

2018-07-09 14:08:50,858 :: ERROR :: site: http://www.carrefour.fr/services/fioul-domestique/ 
 error: can't load window close element 
 code postal:62000 
2018-07-09 14:08:57,855 :: INFO :: site: https://www.fioulmarket.fr/
 code postal:59223
 prix:939 
2018-07-09 14:09:04,880 :: ERROR :: Message: 

2018-07-09 14:09:04,881 :: ERROR :: site: http://www.carrefour.fr/services/fioul-domestique/ 
 error can't load price element 
 code postal:62000 
2018-07-09 14:09:09,116 :: INFO :: site: https://www.fioulmarket.fr/
 code postal:59650
 prix:939 
2018-07-09 14:09:10,067 :: ERROR :: Message: 

2018-07-09 14:09:10,068 :: ERROR :: site: http://www.carrefour.fr/services/fioul-domestique/ 
 error: can't load window close element 
 code postal:62400 
2018-07-09 14:09:17,755 :: ERROR :: Message: 

2018-07-09 14:09:17,755 :: ERROR :: site: http://www.carrefour.fr/services/fioul-domestique/ 
 error can't load price element 
 code postal:62400 
2018-07-09 14:09:20,143 :: INFO :: site: https://www.fioulmarket.fr/
 code postal:59300
 prix:937 
2018-07-09 14:09:21,389 :: ERROR :: Message: 

2018-07-09 14:09:21,389 :: ERROR :: site: http://www.carrefour.fr/services/fioul-domestique/ 
 error: can't load window close element 
 code postal:59500 
2018-07-09 14:09:29,143 :: ERROR :: Message: 

2018-07-09 14:09:29,143 :: ERROR :: site: http://www.carrefour.fr/services/fioul-domestique/ 
 error can't load price element 
 code postal:59500 
2018-07-09 14:09:31,445 :: INFO :: site: https://www.fioulmarket.fr/
 code postal:59400
 prix:932 
2018-07-09 14:09:32,808 :: ERROR :: Message: 

2018-07-09 14:09:32,808 :: ERROR :: site: http://www.carrefour.fr/services/fioul-domestique/ 
 error: can't load window close element 
 code postal:59320 
2018-07-09 14:09:40,415 :: ERROR :: Message: 

2018-07-09 14:09:40,415 :: ERROR :: site: http://www.carrefour.fr/services/fioul-domestique/ 
 error can't load price element 
 code postal:59320 
2018-07-09 14:09:42,986 :: INFO :: site: https://www.fioulmarket.fr/
 code postal:59720
 prix:937 
2018-07-09 14:09:58,344 :: INFO :: site: https://www.fioulmarket.fr/
 code postal:02300
 prix:919 
2018-07-09 14:10:09,723 :: INFO :: site: https://www.fioulmarket.fr/
 code postal:02100
 prix:919 
2018-07-09 14:10:14,647 :: ERROR :: Message: 

2018-07-09 14:10:14,647 :: ERROR :: site: http://www.carrefour.fr/services/fioul-domestique/ 
 error: can't load window close element 
 code postal:59220 
2018-07-09 14:10:20,910 :: INFO :: site: https://www.fioulmarket.fr/
 code postal:02500
 prix:925 
2018-07-09 14:10:21,996 :: ERROR :: Message: 

2018-07-09 14:10:21,996 :: ERROR :: site: http://www.carrefour.fr/services/fioul-domestique/ 
 error can't load price element 
 code postal:59220 
2018-07-09 14:10:25,652 :: ERROR :: Message: 

2018-07-09 14:10:25,652 :: ERROR :: site: http://www.carrefour.fr/services/fioul-domestique/ 
 error: can't load window close element 
 code postal:59115 
2018-07-09 14:10:32,099 :: INFO :: site: https://www.fioulmarket.fr/
 code postal:06400
 prix:945 
2018-07-09 14:10:32,836 :: ERROR :: Message: 

2018-07-09 14:10:32,836 :: ERROR :: site: http://www.carrefour.fr/services/fioul-domestique/ 
 error can't load price element 
 code postal:59115 
2018-07-09 14:10:36,375 :: ERROR :: Message: 

2018-07-09 14:10:36,375 :: ERROR :: site: http://www.carrefour.fr/services/fioul-domestique/ 
 error: can't load window close element 
 code postal:62950 
2018-07-09 14:10:42,755 :: INFO :: site: https://www.fioulmarket.fr/
 code postal:26000
 prix:953 
2018-07-09 14:10:43,522 :: ERROR :: Message: 

2018-07-09 14:10:43,523 :: ERROR :: site: http://www.carrefour.fr/services/fioul-domestique/ 
 error can't load price element 
 code postal:62950 
2018-07-09 14:10:47,643 :: ERROR :: Message: 

2018-07-09 14:10:47,643 :: ERROR :: site: http://www.carrefour.fr/services/fioul-domestique/ 
 error: can't load window close element 
 code postal:59223 
2018-07-09 14:10:53,898 :: INFO :: site: https://www.fioulmarket.fr/
 code postal:41000
 prix:946 
2018-07-09 14:10:54,818 :: ERROR :: Message: 

2018-07-09 14:10:54,818 :: ERROR :: site: http://www.carrefour.fr/services/fioul-domestique/ 
 error can't load price element 
 code postal:59223 
2018-07-09 14:10:58,083 :: ERROR :: Message: 

2018-07-09 14:10:58,083 :: ERROR :: site: http://www.carrefour.fr/services/fioul-domestique/ 
 error: can't load window close element 
 code postal:59650 
2018-07-09 14:11:04,903 :: INFO :: site: https://www.fioulmarket.fr/
 code postal:45160
 prix:958 
2018-07-09 14:11:05,470 :: ERROR :: Message: 

2018-07-09 14:11:05,470 :: ERROR :: site: http://www.carrefour.fr/services/fioul-domestique/ 
 error can't load price element 
 code postal:59650 
2018-07-09 14:11:08,936 :: ERROR :: Message: 

2018-07-09 14:11:08,936 :: ERROR :: site: http://www.carrefour.fr/services/fioul-domestique/ 
 error: can't load window close element 
 code postal:59300 
2018-07-09 14:11:16,160 :: ERROR :: Message: 

2018-07-09 14:11:16,160 :: ERROR :: site: http://www.carrefour.fr/services/fioul-domestique/ 
 error can't load price element 
 code postal:59300 
2018-07-09 14:11:16,480 :: INFO :: site: https://www.fioulmarket.fr/
 code postal:45140
 prix:958 
2018-07-09 14:11:19,959 :: ERROR :: Message: 

2018-07-09 14:11:19,959 :: ERROR :: site: http://www.carrefour.fr/services/fioul-domestique/ 
 error: can't load window close element 
 code postal:59400 
2018-07-09 14:11:27,348 :: ERROR :: Message: 

2018-07-09 14:11:27,349 :: ERROR :: site: http://www.carrefour.fr/services/fioul-domestique/ 
 error can't load price element 
 code postal:59400 
2018-07-09 14:11:27,709 :: INFO :: site: https://www.fioulmarket.fr/
 code postal:59000
 prix:939 
2018-07-09 14:11:31,139 :: ERROR :: Message: 

2018-07-09 14:11:31,139 :: ERROR :: site: http://www.carrefour.fr/services/fioul-domestique/ 
 error: can't load window close element 
 code postal:59720 
2018-07-09 14:11:38,282 :: ERROR :: Message: 

2018-07-09 14:11:38,282 :: ERROR :: site: http://www.carrefour.fr/services/fioul-domestique/ 
 error can't load price element 
 code postal:59720 
2018-07-09 14:11:39,257 :: INFO :: site: https://www.fioulmarket.fr/
 code postal:76000
 prix:924 
2018-07-09 14:11:50,322 :: INFO :: site: https://www.fioulmarket.fr/
 code postal:69330
 prix:916 
2018-07-09 14:11:52,428 :: INFO :: site: https://www.fioulmarket.fr/ 
 info:one end of the cycle 

2018-07-09 14:11:52,428 :: INFO :: site:https://www.fioulmarket.fr/ 
 info:going to insert date into prix table 
2018-07-09 14:11:52,484 :: INFO :: site:https://www.fioulmarket.fr/ 
 info:succeed in inserting the data into the price table 
2018-07-09 14:11:52,484 :: INFO :: site: https://www.fioulmarket.fr/ 
 info:end of the collection of price, collection succeed 

2018-07-09 14:12:43,685 :: ERROR :: Message: 

2018-07-09 14:12:43,685 :: ERROR :: site: http://www.carrefour.fr/services/fioul-domestique/ 
 error: can't load window close element 
 code postal:02300 
2018-07-09 14:12:50,866 :: ERROR :: Message: 

2018-07-09 14:12:50,866 :: ERROR :: site: http://www.carrefour.fr/services/fioul-domestique/ 
 error can't load price element 
 code postal:02300 
2018-07-09 14:12:54,065 :: ERROR :: Message: 

2018-07-09 14:12:54,065 :: ERROR :: site: http://www.carrefour.fr/services/fioul-domestique/ 
 error: can't load window close element 
 code postal:02100 
2018-07-09 14:13:01,241 :: ERROR :: Message: 

2018-07-09 14:13:01,241 :: ERROR :: site: http://www.carrefour.fr/services/fioul-domestique/ 
 error can't load price element 
 code postal:02100 
2018-07-09 14:13:11,768 :: INFO :: begin to init the program with configuration file
2018-07-09 14:13:11,775 :: INFO :: get the email configuration succeed
2018-07-09 14:13:11,775 :: INFO :: etat init
2018-07-09 14:13:11,779 :: INFO :: it going to update the etat to 0
2018-07-09 14:13:12,592 :: INFO :: etat set succeed
2018-07-09 14:13:12,593 :: INFO :: try to connect to the database in order to get all the code postals
2018-07-09 14:13:12,605 :: INFO :: connection succeed
2018-07-09 14:13:12,605 :: INFO :: try to select code postals and sites from database
2018-07-09 14:13:12,607 :: INFO :: selection of code postal and sites from database succeed
2018-07-09 14:13:12,607 :: INFO :: begin to lance the thread
2018-07-09 14:13:13,658 :: INFO :: Begin to collect the price from https://www.fioulreduc.com/
2018-07-09 14:13:13,658 :: INFO :: site:https://www.fioulreduc.com/ 
 code postal obligatoire:[] 
 code postal essay:[(63, '02300')]
2018-07-09 14:13:13,660 :: INFO :: Begin to collect the price from https://www.fioulmarket.fr/
2018-07-09 14:13:13,660 :: INFO :: site:https://www.fioulmarket.fr/ 
 code postal obligatoire:[] 
 code postal essay:[(64, '62100\r\n')]
2018-07-09 14:13:13,669 :: INFO :: Begin to collect the price from http://www.carrefour.fr/services/fioul-domestique/
2018-07-09 14:13:13,669 :: INFO :: site:http://www.carrefour.fr/services/fioul-domestique/ 
 code postal obligatoire:[(4, '76290'), (6, '33150'), (7, '33270'), (9, '24000'), (10, '62200'), (11, '59140'), (12, '62500'), (13, '69300'), (14, '69130'), (15, '71000'), (16, '69230'), (21, '91220'), (22, '95000'), (23, '92260'), (24, '78200'), (25, '78310'), (26, '77000'), (27, '91230'), (28, '93330'), (29, '95520'), (30, '78370'), (31, '95230'), (32, '95150'), (33, '77100'), (34, '78140'), (35, '91140'), (36, '13400'), (39, '84300'), (40, '84130'), (41, '84000'), (42, '72000'), (43, '74000'), (45, '37170'), (46, '37540'), (47, '37000'), (48, '62000'), (49, '62400'), (50, '59500'), (51, '59320'), (52, '59220'), (53, '59115'), (54, '62950'), (55, '59223'), (56, '59650'), (58, '59300'), (59, '59400'), (61, '59720'), (63, '02300'), (62, '02100'), (1, '06400'), (2, '26000'), (18, '41000'), (19, '45160'), (20, '45140'), (57, '59000'), (3, '76000'), (17, '69330')] 
 code postal essay:[(5, '16000'), (8, '16100'), (37, '76200'), (38, '80350'), (44, '81100'), (60, '02500'), (64, '62100\r\n')]
2018-07-09 14:13:38,980 :: INFO :: try/retry to open the site:https://www.fioulreduc.com/
2018-07-09 14:13:41,269 :: INFO :: succeed in opening this site:https://www.fioulreduc.com/
2018-07-09 14:13:41,337 :: INFO :: try/retry to open the site:https://www.fioulmarket.fr/
2018-07-09 14:13:43,263 :: INFO :: try/retry to open the site:http://www.carrefour.fr/services/fioul-domestique/
2018-07-09 14:13:43,555 :: INFO :: succeed in opening this site:https://www.fioulmarket.fr/
2018-07-09 14:13:46,329 :: INFO :: succeed in opening this site:http://www.carrefour.fr/services/fioul-domestique/
2018-07-09 14:13:47,027 :: WARNING :: site: https://www.fioulreduc.com/ 
 info: can't locate the options of livraison.possibility:
 1.the site don't supply for this code postal 
 2.the site don't allow chose the type of livraison temporary
 code postal:02300 
2018-07-09 14:13:47,027 :: INFO :: site: https://www.fioulreduc.com/ 
 info: try to locate close button 
 code postal:02300 
2018-07-09 14:13:47,032 :: INFO :: located the close button
2018-07-09 14:13:47,250 :: INFO :: site: https://www.fioulreduc.com/ 
 info:the site don't supply for this code postal temporary 
 code postal:02300 
2018-07-09 14:13:48,362 :: INFO :: Message: 

2018-07-09 14:13:48,362 :: INFO :: site: http://www.carrefour.fr/services/fioul-domestique/ 
 info:The site's pub doesn't appear16000 
2018-07-09 14:13:50,444 :: INFO :: Message: 

2018-07-09 14:13:50,444 :: INFO :: site: http://www.carrefour.fr/services/fioul-domestique/ 
 info: The cookie request doesn't appear 
 code postal:16000 
2018-07-09 14:13:55,600 :: ERROR :: Message: 

2018-07-09 14:13:55,600 :: ERROR :: site: https://www.fioulmarket.fr/ 
 error: can't load livraison element 
 code postal:62100
 
2018-07-09 14:13:55,787 :: INFO :: Message: 

2018-07-09 14:13:55,787 :: INFO :: site: http://www.carrefour.fr/services/fioul-domestique/ 
 error: can't load price element 
 code postal:16000 
2018-07-09 14:14:03,487 :: INFO :: Message: 

2018-07-09 14:14:03,487 :: INFO :: site: http://www.carrefour.fr/services/fioul-domestique/ 
 error can't load price element 
 code postal:16100 
2018-07-09 14:14:04,404 :: INFO :: try/retry to open the site:https://www.fioulreduc.com/
2018-07-09 14:14:08,489 :: INFO :: succeed in opening this site:https://www.fioulreduc.com/
2018-07-09 14:14:10,039 :: INFO :: Message: 

2018-07-09 14:14:10,039 :: INFO :: site: http://www.carrefour.fr/services/fioul-domestique/ 
 error can't load price element 
 code postal:76200 
2018-07-09 14:14:10,128 :: INFO :: site: https://www.fioulreduc.com/ 
 info:one end of the cycle 

2018-07-09 14:14:10,128 :: INFO :: site: https://www.fioulreduc.com/ 
 info:end of the collection of price, collection succeed 

2018-07-09 14:14:15,313 :: INFO :: try/retry to open the site:https://www.fioulmarket.fr/
2018-07-09 14:14:15,943 :: INFO :: Message: 

2018-07-09 14:14:15,943 :: INFO :: site: http://www.carrefour.fr/services/fioul-domestique/ 
 error can't load price element 
 code postal:80350 
2018-07-09 14:14:17,524 :: INFO :: succeed in opening this site:https://www.fioulmarket.fr/
2018-07-09 14:14:18,927 :: INFO :: site: https://www.fioulmarket.fr/ 
 info:one end of the cycle 

2018-07-09 14:14:18,927 :: INFO :: site: https://www.fioulmarket.fr/ 
 info:end of the collection of price, collection succeed 

2018-07-09 14:14:21,890 :: INFO :: Message: 

2018-07-09 14:14:21,890 :: INFO :: site: http://www.carrefour.fr/services/fioul-domestique/ 
 error can't load price element 
 code postal:81100 
2018-07-09 14:14:27,722 :: INFO :: Message: 

2018-07-09 14:14:27,722 :: INFO :: site: http://www.carrefour.fr/services/fioul-domestique/ 
 error can't load price element 
 code postal:02500 
2018-07-09 14:14:33,534 :: INFO :: Message: 

2018-07-09 14:14:33,534 :: INFO :: site: http://www.carrefour.fr/services/fioul-domestique/ 
 error can't load price element 
 code postal:62100
 
2018-07-09 14:14:49,378 :: INFO :: try/retry to open the site:http://www.carrefour.fr/services/fioul-domestique/
2018-07-09 14:14:51,765 :: INFO :: succeed in opening this site:http://www.carrefour.fr/services/fioul-domestique/
2018-07-09 14:14:53,822 :: INFO :: Message: 

2018-07-09 14:14:53,822 :: INFO :: site: http://www.carrefour.fr/services/fioul-domestique/ 
 info:The site's pub doesn't appear76290 
2018-07-09 14:14:55,917 :: INFO :: Message: 

2018-07-09 14:14:55,917 :: INFO :: site: http://www.carrefour.fr/services/fioul-domestique/ 
 info: The cookie request doesn't appear 
 code postal:76290 
2018-07-09 14:15:01,303 :: ERROR :: Message: 

2018-07-09 14:15:01,303 :: ERROR :: site: http://www.carrefour.fr/services/fioul-domestique/ 
 error: can't load price element 
 code postal:76290 
2018-07-09 14:15:07,180 :: ERROR :: Message: 

2018-07-09 14:15:07,180 :: ERROR :: site: http://www.carrefour.fr/services/fioul-domestique/ 
 error can't load price element 
 code postal:33150 
2018-07-09 14:15:10,973 :: ERROR :: Message: 

2018-07-09 14:15:10,973 :: ERROR :: site: http://www.carrefour.fr/services/fioul-domestique/ 
 error: can't load window close element 
 code postal:33270 
2018-07-09 14:15:18,001 :: ERROR :: Message: 

2018-07-09 14:15:18,001 :: ERROR :: site: http://www.carrefour.fr/services/fioul-domestique/ 
 error can't load price element 
 code postal:33270 
2018-07-09 14:15:21,805 :: ERROR :: Message: 

2018-07-09 14:15:21,805 :: ERROR :: site: http://www.carrefour.fr/services/fioul-domestique/ 
 error: can't load window close element 
 code postal:24000 
2018-07-09 14:15:28,930 :: ERROR :: Message: 

2018-07-09 14:15:28,930 :: ERROR :: site: http://www.carrefour.fr/services/fioul-domestique/ 
 error can't load price element 
 code postal:24000 
2018-07-09 14:15:32,701 :: ERROR :: Message: 

2018-07-09 14:15:32,701 :: ERROR :: site: http://www.carrefour.fr/services/fioul-domestique/ 
 error: can't load window close element 
 code postal:62200 
2018-07-09 14:15:38,858 :: INFO :: begin to init the program with configuration file
2018-07-09 14:15:38,873 :: INFO :: get the email configuration succeed
2018-07-09 14:15:38,874 :: INFO :: etat init
2018-07-09 14:15:38,887 :: INFO :: it going to update the etat to 0
2018-07-09 14:15:38,903 :: INFO :: etat set succeed
2018-07-09 14:15:38,903 :: INFO :: try to connect to the database in order to get all the code postals
2018-07-09 14:15:38,915 :: INFO :: connection succeed
2018-07-09 14:15:38,915 :: INFO :: try to select code postals and sites from database
2018-07-09 14:15:38,918 :: INFO :: selection of code postal and sites from database succeed
2018-07-09 14:15:38,919 :: INFO :: begin to lance the thread
2018-07-09 14:15:38,939 :: INFO :: Begin to collect the price from https://www.fioulmarket.fr/
2018-07-09 14:15:38,939 :: INFO :: site:https://www.fioulmarket.fr/ 
 code postal obligatoire:[] 
 code postal essay:[(64, '62100\r\n')]
2018-07-09 14:15:38,941 :: INFO :: Begin to collect the price from https://www.fioulreduc.com/
2018-07-09 14:15:38,941 :: INFO :: site:https://www.fioulreduc.com/ 
 code postal obligatoire:[] 
 code postal essay:[(63, '02300')]
2018-07-09 14:15:38,952 :: INFO :: Begin to collect the price from http://www.carrefour.fr/services/fioul-domestique/
2018-07-09 14:15:38,952 :: INFO :: site:http://www.carrefour.fr/services/fioul-domestique/ 
 code postal obligatoire:[(4, '76290'), (6, '33150'), (7, '33270'), (9, '24000'), (10, '62200'), (11, '59140'), (12, '62500'), (13, '69300'), (14, '69130'), (15, '71000'), (16, '69230'), (21, '91220'), (22, '95000'), (23, '92260'), (24, '78200'), (25, '78310'), (26, '77000'), (27, '91230'), (28, '93330'), (29, '95520'), (30, '78370'), (31, '95230'), (32, '95150'), (33, '77100'), (34, '78140'), (35, '91140'), (36, '13400'), (39, '84300'), (40, '84130'), (41, '84000'), (42, '72000'), (43, '74000'), (45, '37170'), (46, '37540'), (47, '37000'), (48, '62000'), (49, '62400'), (50, '59500'), (51, '59320'), (52, '59220'), (53, '59115'), (54, '62950'), (55, '59223'), (56, '59650'), (58, '59300'), (59, '59400'), (61, '59720'), (63, '02300'), (62, '02100'), (1, '06400'), (2, '26000'), (18, '41000'), (19, '45160'), (20, '45140'), (57, '59000'), (3, '76000'), (17, '69330')] 
 code postal essay:[(5, '16000'), (8, '16100'), (37, '76200'), (38, '80350'), (44, '81100'), (60, '02500'), (64, '62100\r\n')]
2018-07-09 14:15:56,851 :: INFO :: try/retry to open the site:https://www.fioulreduc.com/
2018-07-09 14:15:58,863 :: INFO :: try/retry to open the site:https://www.fioulmarket.fr/
2018-07-09 14:15:59,353 :: INFO :: succeed in opening this site:https://www.fioulreduc.com/
2018-07-09 14:16:01,828 :: INFO :: try/retry to open the site:http://www.carrefour.fr/services/fioul-domestique/
2018-07-09 14:16:05,142 :: WARNING :: site: https://www.fioulreduc.com/ 
 info: can't locate the options of livraison.possibility:
 1.the site don't supply for this code postal 
 2.the site don't allow chose the type of livraison temporary
 code postal:02300 
2018-07-09 14:16:05,142 :: INFO :: site: https://www.fioulreduc.com/ 
 info: try to locate close button 
 code postal:02300 
2018-07-09 14:16:05,148 :: INFO :: located the close button
2018-07-09 14:16:05,368 :: INFO :: site: https://www.fioulreduc.com/ 
 info:the site don't supply for this code postal temporary 
 code postal:02300 
2018-07-09 14:16:06,640 :: INFO :: succeed in opening this site:http://www.carrefour.fr/services/fioul-domestique/
2018-07-09 14:16:08,679 :: INFO :: Message: 

2018-07-09 14:16:08,679 :: INFO :: site: http://www.carrefour.fr/services/fioul-domestique/ 
 info:The site's pub doesn't appear16000 
2018-07-09 14:16:10,160 :: INFO :: succeed in opening this site:https://www.fioulmarket.fr/
2018-07-09 14:16:10,757 :: INFO :: Message: 

2018-07-09 14:16:10,757 :: INFO :: site: http://www.carrefour.fr/services/fioul-domestique/ 
 info: The cookie request doesn't appear 
 code postal:16000 
2018-07-09 14:16:16,112 :: INFO :: Message: 

2018-07-09 14:16:16,112 :: INFO :: site: http://www.carrefour.fr/services/fioul-domestique/ 
 error: can't load price element 
 code postal:16000 
2018-07-09 14:16:23,136 :: ERROR :: Message: 

2018-07-09 14:16:23,136 :: ERROR :: site: https://www.fioulmarket.fr/ 
 error: can't load livraison element 
 code postal:62100
 
2018-07-09 14:16:23,311 :: INFO :: try/retry to open the site:https://www.fioulreduc.com/
2018-07-09 14:16:23,614 :: INFO :: Message: 

2018-07-09 14:16:23,614 :: INFO :: site: http://www.carrefour.fr/services/fioul-domestique/ 
 error can't load price element 
 code postal:16100 
2018-07-09 14:16:25,563 :: INFO :: succeed in opening this site:https://www.fioulreduc.com/
2018-07-09 14:16:27,095 :: INFO :: site: https://www.fioulreduc.com/ 
 info:one end of the cycle 

2018-07-09 14:16:27,095 :: INFO :: site: https://www.fioulreduc.com/ 
 info:end of the collection of price, collection succeed 

2018-07-09 14:16:29,520 :: INFO :: Message: 

2018-07-09 14:16:29,520 :: INFO :: site: http://www.carrefour.fr/services/fioul-domestique/ 
 error can't load price element 
 code postal:76200 
2018-07-09 14:16:35,784 :: INFO :: Message: 

2018-07-09 14:16:35,784 :: INFO :: site: http://www.carrefour.fr/services/fioul-domestique/ 
 error can't load price element 
 code postal:80350 
2018-07-09 14:16:41,557 :: INFO :: try/retry to open the site:https://www.fioulmarket.fr/
2018-07-09 14:16:41,683 :: INFO :: Message: 

2018-07-09 14:16:41,683 :: INFO :: site: http://www.carrefour.fr/services/fioul-domestique/ 
 error can't load price element 
 code postal:81100 
2018-07-09 14:16:47,580 :: INFO :: Message: 

2018-07-09 14:16:47,580 :: INFO :: site: http://www.carrefour.fr/services/fioul-domestique/ 
 error can't load price element 
 code postal:02500 
2018-07-09 14:16:53,406 :: INFO :: Message: 

2018-07-09 14:16:53,407 :: INFO :: site: http://www.carrefour.fr/services/fioul-domestique/ 
 error can't load price element 
 code postal:62100
 
2018-07-09 14:17:09,779 :: INFO :: try/retry to open the site:http://www.carrefour.fr/services/fioul-domestique/
2018-07-09 14:17:12,932 :: INFO :: succeed in opening this site:http://www.carrefour.fr/services/fioul-domestique/
2018-07-09 14:17:14,015 :: INFO :: succeed in opening this site:https://www.fioulmarket.fr/
2018-07-09 14:17:14,968 :: INFO :: Message: 

2018-07-09 14:17:14,968 :: INFO :: site: http://www.carrefour.fr/services/fioul-domestique/ 
 info:The site's pub doesn't appear76290 
2018-07-09 14:17:15,566 :: INFO :: site: https://www.fioulmarket.fr/ 
 info:one end of the cycle 

2018-07-09 14:17:15,567 :: INFO :: site: https://www.fioulmarket.fr/ 
 info:end of the collection of price, collection succeed 

2018-07-09 14:17:17,139 :: INFO :: Message: 

2018-07-09 14:17:17,139 :: INFO :: site: http://www.carrefour.fr/services/fioul-domestique/ 
 info: The cookie request doesn't appear 
 code postal:76290 
2018-07-09 14:17:22,484 :: ERROR :: Message: 

2018-07-09 14:17:22,484 :: ERROR :: site: http://www.carrefour.fr/services/fioul-domestique/ 
 error: can't load price element 
 code postal:76290 
2018-07-09 14:17:28,513 :: ERROR :: Message: 

2018-07-09 14:17:28,514 :: ERROR :: site: http://www.carrefour.fr/services/fioul-domestique/ 
 error can't load price element 
 code postal:33150 
