2018-07-08 09:52:54,245 :: INFO :: begin to init the program with configuration file
2018-07-08 09:52:54,266 :: INFO :: get the email configuration succeed
2018-07-08 09:52:54,266 :: INFO :: etat init
2018-07-08 09:52:54,270 :: INFO :: it going to update the etat to 0
2018-07-08 09:52:54,285 :: ERROR :: no results to fetch
2018-07-08 09:52:54,285 :: ERROR :: can't update the etat on the database
2018-07-08 09:52:54,285 :: INFO :: try to connect to the database in order to get all the code postals
2018-07-08 09:52:54,299 :: INFO :: connection succeed
2018-07-08 09:52:54,300 :: INFO :: try to select code postals and sites from database
2018-07-08 09:52:54,301 :: INFO :: selection of code postal and sites from database succeed
2018-07-08 09:52:54,341 :: INFO :: begin to lance the thread
2018-07-08 09:52:54,350 :: INFO :: Begin to collect the price from http://www.carrefour.fr/services/fioul-domestique/
2018-07-08 09:52:54,350 :: INFO :: site:http://www.carrefour.fr/services/fioul-domestique/ 
 code postal obligatoire:[] 
 code postal essay:[(5, '16000'), (8, '16100'), (37, '76200'), (38, '80350'), (44, '81100'), (60, '02500')]
2018-07-08 09:52:54,352 :: INFO :: Begin to collect the price from https://www.fioulreduc.com/
2018-07-08 09:52:54,352 :: INFO :: site:https://www.fioulreduc.com/ 
 code postal obligatoire:[] 
 code postal essay:[(63, '02300')]
2018-07-08 09:52:54,356 :: INFO :: Begin to collect the price from https://www.fioulmarket.fr/
2018-07-08 09:52:54,356 :: INFO :: site:https://www.fioulmarket.fr/ 
 code postal obligatoire:[] 
 code postal essay:[(64, '62100\r\n')]
2018-07-08 09:53:09,177 :: INFO :: begin to init the program with configuration file
2018-07-08 09:53:09,194 :: INFO :: get the email configuration succeed
2018-07-08 09:53:09,194 :: INFO :: etat init
2018-07-08 09:53:09,209 :: INFO :: it going to update the etat to 0
2018-07-08 09:53:09,226 :: ERROR :: no results to fetch
2018-07-08 09:53:09,226 :: ERROR :: can't update the etat on the database
2018-07-08 09:53:09,227 :: INFO :: try to connect to the database in order to get all the code postals
2018-07-08 09:53:09,239 :: INFO :: connection succeed
2018-07-08 09:53:09,239 :: INFO :: try to select code postals and sites from database
2018-07-08 09:53:09,242 :: INFO :: selection of code postal and sites from database succeed
2018-07-08 09:53:09,242 :: INFO :: begin to lance the thread
2018-07-08 09:53:09,260 :: INFO :: Begin to collect the price from https://www.fioulmarket.fr/
2018-07-08 09:53:09,261 :: INFO :: site:https://www.fioulmarket.fr/ 
 code postal obligatoire:[] 
 code postal essay:[(64, '62100\r\n')]
2018-07-08 09:53:09,262 :: INFO :: Begin to collect the price from http://www.carrefour.fr/services/fioul-domestique/
2018-07-08 09:53:09,263 :: INFO :: site:http://www.carrefour.fr/services/fioul-domestique/ 
 code postal obligatoire:[] 
 code postal essay:[(5, '16000'), (8, '16100'), (37, '76200'), (38, '80350'), (44, '81100'), (60, '02500')]
2018-07-08 09:53:09,266 :: INFO :: Begin to collect the price from https://www.fioulreduc.com/
2018-07-08 09:53:09,266 :: INFO :: site:https://www.fioulreduc.com/ 
 code postal obligatoire:[] 
 code postal essay:[(63, '02300')]
2018-07-08 09:53:18,931 :: INFO :: begin to init the program with configuration file
2018-07-08 09:53:18,937 :: INFO :: get the email configuration succeed
2018-07-08 09:53:18,937 :: INFO :: etat init
2018-07-08 09:53:22,357 :: INFO :: begin to init the program with configuration file
2018-07-08 09:53:22,362 :: INFO :: get the email configuration succeed
2018-07-08 09:53:22,362 :: INFO :: etat init
2018-07-08 09:53:29,771 :: INFO :: it going to update the etat to 0
2018-07-08 09:53:29,788 :: ERROR :: no results to fetch
2018-07-08 09:53:29,788 :: ERROR :: can't update the etat on the database
2018-07-08 09:53:52,801 :: INFO :: begin to init the program with configuration file
2018-07-08 09:53:52,818 :: INFO :: get the email configuration succeed
2018-07-08 09:53:52,819 :: INFO :: etat init
2018-07-08 09:54:21,171 :: INFO :: it going to update the etat to 0
2018-07-08 09:56:47,768 :: ERROR :: no results to fetch
2018-07-08 09:56:47,768 :: ERROR :: can't update the etat on the database
2018-07-08 09:56:47,769 :: INFO :: try to connect to the database in order to get all the code postals
2018-07-08 09:56:47,781 :: INFO :: connection succeed
2018-07-08 09:56:47,782 :: INFO :: try to select code postals and sites from database
2018-07-08 09:56:47,784 :: INFO :: selection of code postal and sites from database succeed
2018-07-08 09:56:47,784 :: INFO :: begin to lance the thread
2018-07-08 09:56:47,832 :: INFO :: Begin to collect the price from https://www.fioulmarket.fr/
2018-07-08 09:56:47,833 :: INFO :: site:https://www.fioulmarket.fr/ 
 code postal obligatoire:[] 
 code postal essay:[(64, '62100\r\n')]
2018-07-08 09:56:47,837 :: INFO :: Begin to collect the price from https://www.fioulreduc.com/
2018-07-08 09:56:47,837 :: INFO :: site:https://www.fioulreduc.com/ 
 code postal obligatoire:[] 
 code postal essay:[(63, '02300')]
2018-07-08 09:56:47,840 :: INFO :: Begin to collect the price from http://www.carrefour.fr/services/fioul-domestique/
2018-07-08 09:56:47,840 :: INFO :: site:http://www.carrefour.fr/services/fioul-domestique/ 
 code postal obligatoire:[] 
 code postal essay:[(5, '16000'), (8, '16100'), (37, '76200'), (38, '80350'), (44, '81100'), (60, '02500')]
2018-07-08 09:56:52,136 :: INFO :: begin to init the program with configuration file
2018-07-08 09:56:52,151 :: INFO :: get the email configuration succeed
2018-07-08 09:56:52,151 :: INFO :: etat init
2018-07-08 09:56:57,912 :: INFO :: it going to update the etat to 0
2018-07-08 09:56:57,930 :: INFO :: etat set succeed
2018-07-08 09:57:00,864 :: INFO :: try to connect to the database in order to get all the code postals
